The SAS System                                                                                 13:49 Thursday, August 24, 2006   1

             BETA

        0         0         0
        0         0         0
    0.569    0.5297         0


  GAMMA

   0.8401
   0.2219
   0.1122


                       COV

   0.0233    0.0075         0         0   -0.0212
   0.0075    0.0273         0         0   -0.0123
        0         0     0.025   -0.0068         0
        0         0   -0.0068    0.0213         0
  -0.0212   -0.0123         0         0    0.0407


              IM

        1         0         0
        0         1         0
        0         0         1


                        VB

        0         0         0         0         0
        0         0         0         0         0
        1         0         0         0         0
        0         0         0         0         0
        0         0         0         0         0
        0         1         0         0         0
        0         0         0         0         0
        0         0         0         0         0
        0         0         0         0         0


                        VG

        0         0         1         0         0
        0         0         0         1         0
        0         0         0         0         1


STABILITY INDEX: SUFFICIENT CONDITION FOR CONVERGENCE


THE LARGEST EIGENVALUE SHOULD BE LESS THAN ONE


SEE BENTLER AND FREEMAN 1983
The SAS System                                                                                 13:49 Thursday, August 24, 2006   2

   EVAL

0.6043431
        0
        0


             VDNE

        0         0         0
        0         0         0
        0         0 0.0305563


INE PARTIAL DERIVATIVES


             DNE

        0         0    0.8401
        0         0    0.2219
        0         0     0.569
        0         0    0.5297
        0         0         0


INE MATRIX OF INDIRECT EFFECTS


   INE

        0
        0
0.5955573


INE MATRIX STANDARD ERRORS


             SENE

        0         0 0.1748036


INN PARTIAL DERIVATIVES


                                           DNN

        0         0         0         0         0         0         0         0         0
        0         0         0         0         0         0         0         0         0
        0         0         0         0         0         0         0         0         0
        0         0         0         0         0         0         0         0         0
        0         0         0         0         0         0         0         0         0


INN MATRIX OF INDIRECT EFFECTS
The SAS System                                                                                 13:49 Thursday, August 24, 2006   3

             INN

        0         0         0
        0         0         0
        0         0         0


INN MATRIX STANDARD ERRORS


             SENN

        0         0         0
        0         0         0
        0         0         0
