
                                DATE:  6/12/2007
                                  TIME: 13:19


                                L I S R E L  8.80

                                       BY

                         Karl G. J”reskog & Dag S”rbom



                    This program is published exclusively by
                    Scientific Software International, Inc.
                       7383 N. Lincoln Avenue, Suite 100
                        Lincolnwood, IL 60712, U.S.A. 
            Phone: (800)247-6113, (847)675-0720, Fax: (847)675-2140
        Copyright by Scientific Software International, Inc., 1981-2006 
          Use of this program is subject to the terms specified in the
                        Universal Copyright Convention.
                          Website: www.ssicentral.com


 Chapter 12 Multiple Mediator Model Path Analysis with OCG Data
 DA NI=6 NO=3214 MA=CM ME=ML
 KM
 1.000
 0.4418 1.000
 0.3759 0.6426 1.000
 -0.1752 -0.2751 -0.3311 1.000
 0.2587 0.3899 0.4341 -0.2476 1.000
 0.2332 0.3194 0.4048 -0.2871 0.5300 1.000
 SD
 5.36 24.71 3.20 2.88 23.14 3.72
 LA
 'INC1961' 'OCC1962' 'EDUC' 'NUMSIB' 'FATHOCC' 'FATHEDUC'
 SE
 3 2 1 5 6 4
 MO NY=3 NX=3 BE=SD GA=FR
 OU EF SE TV PC EF SS ND=4

 Chapter 6 Multiple Mediator Model Path Analysis with OCG Data                  

                           Number of Input Variables  6
                           Number of Y - Variables    3
                           Number of X - Variables    3
                           Number of ETA - Variables  3
                           Number of KSI - Variables  3
                           Number of Observations  3214

 Chapter 6 Multiple Mediator Model Path Analysis with OCG Data                  

         Covariance Matrix       

                EDUC    OCC1962    INC1961    FATHOCC   FATHEDUC     NUMSIB   
            --------   --------   --------   --------   --------   --------
     EDUC    10.2400
  OCC1962    50.8117   610.5841
  INC1961     6.4474    58.5145    28.7296
  FATHOCC    32.1442   222.9407    32.0867   535.4596
 FATHEDUC     4.8187    29.3596     4.6498    45.6228    13.8384
   NUMSIB    -3.0514   -19.5774    -2.7045   -16.5009    -3.0759     8.2944


 Chapter 6 Multiple Mediator Model Path Analysis with OCG Data                  

 Parameter Specifications

         BETA        

                EDUC    OCC1962    INC1961
            --------   --------   --------
     EDUC          0          0          0
  OCC1962          1          0          0
  INC1961          2          3          0

         GAMMA       

             FATHOCC   FATHEDUC     NUMSIB
            --------   --------   --------
     EDUC          4          5          6
  OCC1962          7          8          9
  INC1961         10         11         12

         PHI         

             FATHOCC   FATHEDUC     NUMSIB
            --------   --------   --------
  FATHOCC         13
 FATHEDUC         14         15
   NUMSIB         16         17         18

         PSI         

                EDUC    OCC1962    INC1961
            --------   --------   --------
                  19         20         21
 


 Chapter 6 Multiple Mediator Model Path Analysis with OCG Data                  

 Number of Iterations =  0

 LISREL Estimates (Maximum Likelihood)                           

         BETA        

                EDUC    OCC1962    INC1961   
            --------   --------   --------
     EDUC      - -        - -        - -  
  OCC1962     4.3767      - -        - -  
            (0.1203)
             36.3906
  INC1961     0.1998     0.0704      - -  
            (0.0364)   (0.0045)
              5.4905    15.6751

         GAMMA       

             FATHOCC   FATHEDUC     NUMSIB   
            --------   --------   --------
     EDUC     0.0385     0.1707    -0.2281
            (0.0025)   (0.0156)   (0.0176)
             15.5183    10.9514   -12.9393
  OCC1962     0.1352     0.0490    -0.4631
            (0.0175)   (0.1082)   (0.1232)
              7.7205     0.4529    -3.7590
  INC1961     0.0114     0.0712    -0.0373
            (0.0045)   (0.0275)   (0.0314)
              2.5331     2.5835    -1.1858

         Covariance Matrix of Y and X            

                EDUC    OCC1962    INC1961    FATHOCC   FATHEDUC     NUMSIB   
            --------   --------   --------   --------   --------   --------
     EDUC    10.2400
  OCC1962    50.8117   610.5841
  INC1961     6.4474    58.5145    28.7296
  FATHOCC    32.1442   222.9407    32.0867   535.4596
 FATHEDUC     4.8187    29.3596     4.6498    45.6228    13.8384
   NUMSIB    -3.0514   -19.5774    -2.7045   -16.5009    -3.0759     8.2944

         PHI         

             FATHOCC   FATHEDUC     NUMSIB   
            --------   --------   --------
  FATHOCC   535.4596
           (13.3656)
             40.0625
 FATHEDUC    45.6228    13.8384
            (1.7195)   (0.3454)
             26.5320    40.0625
   NUMSIB   -16.5009    -3.0759     8.2944
            (1.2118)   (0.1967)   (0.2070)
            -13.6170   -15.6346    40.0625

         PSI         
         Note: This matrix is diagonal.

                EDUC    OCC1962    INC1961   
            --------   --------   --------
              7.4852   347.5564    22.5230
            (0.1868)   (8.6754)   (0.5622)
             40.0625    40.0625    40.0625

         Squared Multiple Correlations for Structural Equations  

                EDUC    OCC1962    INC1961   
            --------   --------   --------
              0.2690     0.4308     0.2160

         Squared Multiple Correlations for Reduced Form          

                EDUC    OCC1962    INC1961   
            --------   --------   --------
              0.2690     0.1960     0.0888

         Reduced Form                

             FATHOCC   FATHEDUC     NUMSIB   
            --------   --------   --------
     EDUC     0.0385     0.1707    -0.2281
            (0.0025)   (0.0156)   (0.0176)
             15.5183    10.9514   -12.9393
  OCC1962     0.3035     0.7963    -1.4613
            (0.0201)   (0.1263)   (0.1427)
             15.1217     6.3065   -10.2369
  INC1961     0.0405     0.1614    -0.1858
            (0.0046)   (0.0292)   (0.0330)
              8.7286     5.5342    -5.6352


                           Goodness of Fit Statistics

                              Degrees of Freedom = 0
                Minimum Fit Function Chi-Square = 0.0 (P = 1.0000)
       Normal Theory Weighted Least Squares Chi-Square = 0.00 (P = 1.0000)

                  The Model is Saturated, the Fit is Perfect !


         Covariance Matrix of Parameter Estimates    

              BE 2_1     BE 3_1     BE 3_2     GA 1_1     GA 1_2     GA 1_3   
            --------   --------   --------   --------   --------   --------
   BE 2_1     0.0145
   BE 3_1     0.0000     0.0013
   BE 3_2     0.0000    -0.0001     0.0000
   GA 1_1     0.0000     0.0000     0.0000     0.0000
   GA 1_2     0.0000     0.0000     0.0000     0.0000     0.0002
   GA 1_3     0.0000     0.0000     0.0000     0.0000     0.0001     0.0003
   GA 2_1    -0.0006     0.0000     0.0000     0.0000     0.0000     0.0000
   GA 2_2    -0.0025     0.0000     0.0000     0.0000     0.0000     0.0000
   GA 2_3     0.0033     0.0000     0.0000     0.0000     0.0000     0.0000
   GA 3_1     0.0000     0.0000     0.0000     0.0000     0.0000     0.0000
   GA 3_2     0.0000    -0.0002     0.0000     0.0000     0.0000     0.0000
   GA 3_3     0.0000     0.0002     0.0000     0.0000     0.0000     0.0000
   PH 1_1     0.0000     0.0000     0.0000     0.0000     0.0000     0.0000
   PH 2_1     0.0000     0.0000     0.0000     0.0000     0.0000     0.0000
   PH 2_2     0.0000     0.0000     0.0000     0.0000     0.0000     0.0000
   PH 3_1     0.0000     0.0000     0.0000     0.0000     0.0000     0.0000
   PH 3_2     0.0000     0.0000     0.0000     0.0000     0.0000     0.0000
   PH 3_3     0.0000     0.0000     0.0000     0.0000     0.0000     0.0000
   PS 1_1     0.0000     0.0000     0.0000     0.0000     0.0000     0.0000
   PS 2_2     0.0000     0.0000     0.0000     0.0000     0.0000     0.0000
   PS 3_3     0.0000     0.0000     0.0000     0.0000     0.0000     0.0000

         Covariance Matrix of Parameter Estimates    

              GA 2_1     GA 2_2     GA 2_3     GA 3_1     GA 3_2     GA 3_3   
            --------   --------   --------   --------   --------   --------
   GA 2_1     0.0003
   GA 2_2    -0.0008     0.0117
   GA 2_3     0.0001     0.0019     0.0152
   GA 3_1     0.0000     0.0000     0.0000     0.0000
   GA 3_2     0.0000     0.0000     0.0000    -0.0001     0.0008
   GA 3_3     0.0000     0.0000     0.0000     0.0000     0.0001     0.0010
   PH 1_1     0.0000     0.0000     0.0000     0.0000     0.0000     0.0000
   PH 2_1     0.0000     0.0000     0.0000     0.0000     0.0000     0.0000
   PH 2_2     0.0000     0.0000     0.0000     0.0000     0.0000     0.0000
   PH 3_1     0.0000     0.0000     0.0000     0.0000     0.0000     0.0000
   PH 3_2     0.0000     0.0000     0.0000     0.0000     0.0000     0.0000
   PH 3_3     0.0000     0.0000     0.0000     0.0000     0.0000     0.0000
   PS 1_1     0.0000     0.0000     0.0000     0.0000     0.0000     0.0000
   PS 2_2     0.0000     0.0000     0.0000     0.0000     0.0000     0.0000
   PS 3_3     0.0000     0.0000     0.0000     0.0000     0.0000     0.0000

         Covariance Matrix of Parameter Estimates    

              PH 1_1     PH 2_1     PH 2_2     PH 3_1     PH 3_2     PH 3_3   
            --------   --------   --------   --------   --------   --------
   PH 1_1   178.6399
   PH 2_1    15.2207     2.9568
   PH 2_2     1.2968     0.3934     0.1193
   PH 3_1    -5.5050    -0.7476    -0.0874     1.4684
   PH 3_2    -0.4690    -0.1149    -0.0265     0.1337     0.0387
   PH 3_3     0.1696     0.0316     0.0059    -0.0853    -0.0159     0.0429
   PS 1_1     0.0000     0.0000     0.0000     0.0000     0.0000     0.0000
   PS 2_2     0.0000     0.0000     0.0000     0.0000     0.0000     0.0000
   PS 3_3     0.0000     0.0000     0.0000     0.0000     0.0000     0.0000

         Covariance Matrix of Parameter Estimates    

              PS 1_1     PS 2_2     PS 3_3   
            --------   --------   --------
   PS 1_1     0.0349
   PS 2_2     0.0000    75.2620
   PS 3_3     0.0000     0.0000     0.3161

 Chapter 6 Multiple Mediator Model Path Analysis with OCG Data                  

         Correlation Matrix of Parameter Estimates   

              BE 2_1     BE 3_1     BE 3_2     GA 1_1     GA 1_2     GA 1_3   
            --------   --------   --------   --------   --------   --------
   BE 2_1     1.0000
   BE 3_1     0.0000     1.0000
   BE 3_2     0.0000    -0.5404     1.0000
   GA 1_1     0.0000     0.0000     0.0000     1.0000
   GA 1_2     0.0000     0.0000     0.0000    -0.4945     1.0000
   GA 1_3     0.0000     0.0000     0.0000     0.1175     0.1897     1.0000
   GA 2_1    -0.2642     0.0000     0.0000     0.0000     0.0000     0.0000
   GA 2_2    -0.1898     0.0000     0.0000     0.0000     0.0000     0.0000
   GA 2_3     0.2226     0.0000     0.0000     0.0000     0.0000     0.0000
   GA 3_1     0.0000    -0.1473    -0.1350     0.0000     0.0000     0.0000
   GA 3_2     0.0000    -0.1554    -0.0080     0.0000     0.0000     0.0000
   GA 3_3     0.0000     0.1511     0.0662     0.0000     0.0000     0.0000
   PH 1_1     0.0000     0.0000     0.0000     0.0000     0.0000     0.0000
   PH 2_1     0.0000     0.0000     0.0000     0.0000     0.0000     0.0000
   PH 2_2     0.0000     0.0000     0.0000     0.0000     0.0000     0.0000
   PH 3_1     0.0000     0.0000     0.0000     0.0000     0.0000     0.0000
   PH 3_2     0.0000     0.0000     0.0000     0.0000     0.0000     0.0000
   PH 3_3     0.0000     0.0000     0.0000     0.0000     0.0000     0.0000
   PS 1_1     0.0000     0.0000     0.0000     0.0000     0.0000     0.0000
   PS 2_2     0.0000     0.0000     0.0000     0.0000     0.0000     0.0000
   PS 3_3     0.0000     0.0000     0.0000     0.0000     0.0000     0.0000

         Correlation Matrix of Parameter Estimates   

              GA 2_1     GA 2_2     GA 2_3     GA 3_1     GA 3_2     GA 3_3   
            --------   --------   --------   --------   --------   --------
   GA 2_1     1.0000
   GA 2_2    -0.4181     1.0000
   GA 2_3     0.0517     0.1393     1.0000
   GA 3_1     0.0000     0.0000     0.0000     1.0000
   GA 3_2     0.0000     0.0000     0.0000    -0.4132     1.0000
   GA 3_3     0.0000     0.0000     0.0000     0.0421     0.1385     1.0000
   PH 1_1     0.0000     0.0000     0.0000     0.0000     0.0000     0.0000
   PH 2_1     0.0000     0.0000     0.0000     0.0000     0.0000     0.0000
   PH 2_2     0.0000     0.0000     0.0000     0.0000     0.0000     0.0000
   PH 3_1     0.0000     0.0000     0.0000     0.0000     0.0000     0.0000
   PH 3_2     0.0000     0.0000     0.0000     0.0000     0.0000     0.0000
   PH 3_3     0.0000     0.0000     0.0000     0.0000     0.0000     0.0000
   PS 1_1     0.0000     0.0000     0.0000     0.0000     0.0000     0.0000
   PS 2_2     0.0000     0.0000     0.0000     0.0000     0.0000     0.0000
   PS 3_3     0.0000     0.0000     0.0000     0.0000     0.0000     0.0000

         Correlation Matrix of Parameter Estimates   

              PH 1_1     PH 2_1     PH 2_2     PH 3_1     PH 3_2     PH 3_3   
            --------   --------   --------   --------   --------   --------
   PH 1_1     1.0000
   PH 2_1     0.6623     1.0000
   PH 2_2     0.2809     0.6623     1.0000
   PH 3_1    -0.3399    -0.3588    -0.2089     1.0000
   PH 3_2    -0.1784    -0.3395    -0.3903     0.5608     1.0000
   PH 3_3     0.0613     0.0888     0.0824    -0.3399    -0.3903     1.0000
   PS 1_1     0.0000     0.0000     0.0000     0.0000     0.0000     0.0000
   PS 2_2     0.0000     0.0000     0.0000     0.0000     0.0000     0.0000
   PS 3_3     0.0000     0.0000     0.0000     0.0000     0.0000     0.0000

         Correlation Matrix of Parameter Estimates   

              PS 1_1     PS 2_2     PS 3_3   
            --------   --------   --------
   PS 1_1     1.0000
   PS 2_2     0.0000     1.0000
   PS 3_3     0.0000     0.0000     1.0000

 Chapter 6 Multiple Mediator Model Path Analysis with OCG Data                  

 Standardized Solution           

         BETA        

                EDUC    OCC1962    INC1961   
            --------   --------   --------
     EDUC      - -        - -        - -  
  OCC1962     0.5668      - -        - -  
  INC1961     0.1193     0.3247      - -  

         GAMMA       

             FATHOCC   FATHEDUC     NUMSIB   
            --------   --------   --------
     EDUC     0.2781     0.1985    -0.2053
  OCC1962     0.1266     0.0074    -0.0540
  INC1961     0.0492     0.0494    -0.0200

         Correlation Matrix of Y and X           

                EDUC    OCC1962    INC1961    FATHOCC   FATHEDUC     NUMSIB   
            --------   --------   --------   --------   --------   --------
     EDUC     1.0000
  OCC1962     0.6426     1.0000
  INC1961     0.3759     0.4418     1.0000
  FATHOCC     0.4341     0.3899     0.2587     1.0000
 FATHEDUC     0.4048     0.3194     0.2332     0.5300     1.0000
   NUMSIB    -0.3311    -0.2751    -0.1752    -0.2476    -0.2871     1.0000

         PSI         
         Note: This matrix is diagonal.

                EDUC    OCC1962    INC1961   
            --------   --------   --------
              0.7310     0.5692     0.7840

         Regression Matrix Y on X (Standardized)     

             FATHOCC   FATHEDUC     NUMSIB   
            --------   --------   --------
     EDUC     0.2781     0.1985    -0.2053
  OCC1962     0.2842     0.1199    -0.1703
  INC1961     0.1746     0.1120    -0.0998

 Chapter 6 Multiple Mediator Model Path Analysis with OCG Data                  

 Total and Indirect Effects

         Total Effects of X on Y     

             FATHOCC   FATHEDUC     NUMSIB   
            --------   --------   --------
     EDUC     0.0385     0.1707    -0.2281
            (0.0025)   (0.0156)   (0.0176)
             15.5183    10.9514   -12.9393
  OCC1962     0.3035     0.7963    -1.4613
            (0.0201)   (0.1263)   (0.1427)
             15.1217     6.3065   -10.2369
  INC1961     0.0405     0.1614    -0.1858
            (0.0046)   (0.0292)   (0.0330)
              8.7286     5.5342    -5.6352

         Indirect Effects of X on Y      

             FATHOCC   FATHEDUC     NUMSIB   
            --------   --------   --------
     EDUC      - -        - -        - -  
  OCC1962     0.1683     0.7473    -0.9982
            (0.0118)   (0.0713)   (0.0819)
             14.2746    10.4868   -12.1916
  INC1961     0.0291     0.0902    -0.1485
            (0.0022)   (0.0121)   (0.0143)
             13.3260     7.4621   -10.3749

         Total Effects of Y on Y     

                EDUC    OCC1962    INC1961   
            --------   --------   --------
     EDUC      - -        - -        - -  
  OCC1962     4.3767      - -        - -  
            (0.1203)
             36.3906
  INC1961     0.5080     0.0704      - -  
            (0.0318)   (0.0045)
             15.9928    15.6751

    Largest Eigenvalue of B*B' (Stability Index) is  19.196

         Indirect Effects of Y on Y      

                EDUC    OCC1962    INC1961   
            --------   --------   --------
     EDUC      - -        - -        - -  
  OCC1962      - -        - -        - -  
  INC1961     0.3083      - -        - -  
            (0.0214)
             14.3963

 Chapter 6 Multiple Mediator Model Path Analysis with OCG Data                  

 Standardized Total and Indirect Effects

         Standardized Total Effects of X on Y    

             FATHOCC   FATHEDUC     NUMSIB   
            --------   --------   --------
     EDUC     0.2781     0.1985    -0.2053
  OCC1962     0.2842     0.1199    -0.1703
  INC1961     0.1746     0.1120    -0.0998

         Standardized Indirect Effects of X on Y     

             FATHOCC   FATHEDUC     NUMSIB   
            --------   --------   --------
     EDUC      - -        - -        - -  
  OCC1962     0.1576     0.1125    -0.1163
  INC1961     0.1254     0.0626    -0.0798

         Standardized Total Effects of Y on Y    

                EDUC    OCC1962    INC1961   
            --------   --------   --------
     EDUC      - -        - -        - -  
  OCC1962     0.5668      - -        - -  
  INC1961     0.3033     0.3247      - -  

         Standardized Indirect Effects of Y on Y     

                EDUC    OCC1962    INC1961   
            --------   --------   --------
     EDUC      - -        - -        - -  
  OCC1962      - -        - -        - -  
  INC1961     0.1840      - -        - -  

                           Time used:    0.016 Seconds
