
                                DATE:  8/26/2007
                                  TIME: 20:34


                                L I S R E L  8.51

                                       BY

                         Karl G. Jöreskog & Dag Sörbom



                    This program is published exclusively by
                    Scientific Software International, Inc.
                       7383 N. Lincoln Avenue, Suite 100
                        Lincolnwood, IL 60712, U.S.A. 
            Phone: (800)247-6113, (847)675-0720, Fax: (847)675-2140
        Copyright by Scientific Software International, Inc., 1981-2001 
          Use of this program is subject to the terms specified in the
                        Universal Copyright Convention.
                          Website: www.ssicentral.com

 The following lines were read from file J:\Software\Teacher CD\Kerckhoff.lis.LS8:

 AMBITION AND ATTAINMENT KERCKHOFF, A. C. (1974) American Sociological Society Rose Monograph Series
 DA NI=7 NO=767
 LA
 INTELLIG SIBLINGS FATHEDUC FATHOCCU GRADES EDUCEXPE OCCUASPI
 KMATRIX
 1
 -.1 1
 .277 -.152 1
 .25 -.108 .611 1
 .572 -.105 .294 .248 1
 .489 -.213 .446 .41 .597  1
 .335 -.153 .303 .331 .478 .651 1
 SE
 5 6 7 1 2 3 4
 MO NY=3 NX=4 BE=SD
 PD
 OU EF PC ND=6

 AMBITION AND ATTAINMENT KERCKHOFF, A. C. (1974) American Sociological Society R

                           Number of Input Variables  7
                           Number of Y - Variables    3
                           Number of X - Variables    4
                           Number of ETA - Variables  3
                           Number of KSI - Variables  4
                           Number of Observations   767

 AMBITION AND ATTAINMENT KERCKHOFF, A. C. (1974) American Sociological Society R

         Covariance Matrix       

              GRADES   EDUCEXPE   OCCUASPI   INTELLIG   SIBLINGS   FATHEDUC   
            --------   --------   --------   --------   --------   --------
   GRADES   1.000000
 EDUCEXPE   0.597000   1.000000
 OCCUASPI   0.478000   0.651000   1.000000
 INTELLIG   0.572000   0.489000   0.335000   1.000000
 SIBLINGS  -0.105000  -0.213000  -0.153000  -0.100000   1.000000
 FATHEDUC   0.294000   0.446000   0.303000   0.277000  -0.152000   1.000000
 FATHOCCU   0.248000   0.410000   0.331000   0.250000  -0.108000   0.611000

         Covariance Matrix       

            FATHOCCU   
            --------
 FATHOCCU   1.000000


 AMBITION AND ATTAINMENT KERCKHOFF, A. C. (1974) American Sociological Society R

 Parameter Specifications

         BETA        

              GRADES   EDUCEXPE   OCCUASPI
            --------   --------   --------
   GRADES          0          0          0
 EDUCEXPE          1          0          0
 OCCUASPI          2          3          0

         GAMMA       

            INTELLIG   SIBLINGS   FATHEDUC   FATHOCCU
            --------   --------   --------   --------
   GRADES          4          5          6          7
 EDUCEXPE          8          9         10         11
 OCCUASPI         12         13         14         15

         PHI         

            INTELLIG   SIBLINGS   FATHEDUC   FATHOCCU
            --------   --------   --------   --------
 INTELLIG         16
 SIBLINGS         17         18
 FATHEDUC         19         20         21
 FATHOCCU         22         23         24         25

         PSI         
         Note: This matrix is diagonal.

              GRADES   EDUCEXPE   OCCUASPI
            --------   --------   --------
                  26         27         28
 


 AMBITION AND ATTAINMENT KERCKHOFF, A. C. (1974) American Sociological Society R

 Number of Iterations =  0

 LISREL Estimates (Maximum Likelihood)               

         BETA        

              GRADES   EDUCEXPE   OCCUASPI   
            --------   --------   --------
   GRADES    - -        - -        - -    
 
 EDUCEXPE   0.405150    - -        - -    
          (0.032273)
           12.554022
 
 OCCUASPI   0.157912   0.549593    - -    
          (0.036799) (0.037601)
            4.291224  14.616388
 

         GAMMA       

            INTELLIG   SIBLINGS   FATHEDUC   FATHOCCU   
            --------   --------   --------   --------
   GRADES   0.525902  -0.029942   0.118966   0.040603
          (0.030646) (0.029630) (0.037600) (0.037135)
           17.160610  -1.010527   3.163956   1.093375
 
 EDUCEXPE   0.160270  -0.111779   0.172719   0.151852
          (0.032147) (0.026414) (0.033716) (0.033108)
            4.985583  -4.231814   5.122768   4.586508
 
 OCCUASPI  -0.039405  -0.018825  -0.041333   0.099577
          (0.033907) (0.027737) (0.035593) (0.034836)
           -1.162145  -0.678684  -1.161246   2.858434
 

         Covariance Matrix of Y and X            

              GRADES   EDUCEXPE   OCCUASPI   INTELLIG   SIBLINGS   FATHEDUC   
            --------   --------   --------   --------   --------   --------
   GRADES   1.000000
 EDUCEXPE   0.597000   1.000000
 OCCUASPI   0.478000   0.651000   1.000000
 INTELLIG   0.572000   0.489000   0.335000   1.000000
 SIBLINGS  -0.105000  -0.213000  -0.153000  -0.100000   1.000000
 FATHEDUC   0.294000   0.446000   0.303000   0.277000  -0.152000   1.000000
 FATHOCCU   0.248000   0.410000   0.331000   0.250000  -0.108000   0.611000

         Covariance Matrix of Y and X            

            FATHOCCU   
            --------
 FATHOCCU   1.000000

         PHI         

            INTELLIG   SIBLINGS   FATHEDUC   FATHOCCU   
            --------   --------   --------   --------
 INTELLIG   1.000000
          (0.051232)
           19.519221
 
 SIBLINGS  -0.100000   1.000000
          (0.036407) (0.051232)
           -2.746735  19.519221
 
 FATHEDUC   0.277000  -0.152000   1.000000
          (0.037590) (0.036642) (0.051232)
            7.368924  -4.148214  19.519221
 
 FATHOCCU   0.250000  -0.108000   0.611000   1.000000
          (0.037341) (0.036437) (0.042453) (0.051232)
            6.695038  -2.964033  14.392382  19.519221
 

         PSI         
         Note: This matrix is diagonal.

              GRADES   EDUCEXPE   OCCUASPI   
            --------   --------   --------
            0.650995   0.516652   0.556617
          (0.033351) (0.026469) (0.028516)
           19.519221  19.519221  19.519221
 

         Squared Multiple Correlations for Structural Equations  

              GRADES   EDUCEXPE   OCCUASPI   
            --------   --------   --------
            0.349005   0.483348   0.443383

         Squared Multiple Correlations for Reduced Form          

              GRADES   EDUCEXPE   OCCUASPI   
            --------   --------   --------
            0.349005   0.376489   0.193036

         Reduced Form                

            INTELLIG   SIBLINGS   FATHEDUC   FATHOCCU   
            --------   --------   --------   --------
   GRADES   0.525902  -0.029942   0.118966   0.040603
          (0.030646) (0.029630) (0.037600) (0.037135)
           17.160610  -1.010527   3.163956   1.093375
 
 EDUCEXPE   0.373339  -0.123910   0.220918   0.168302
          (0.029992) (0.028998) (0.036798) (0.036343)
           12.447970  -4.273076   6.003532   4.630940
 
 OCCUASPI   0.248827  -0.091653   0.098869   0.198486
          (0.034120) (0.032989) (0.041863) (0.041345)
            7.292671  -2.778275   2.361727   4.800705
 


                           Goodness of Fit Statistics

                              Degrees of Freedom = 0
               Minimum Fit Function Chi-Square = 0.0 (P = 1.000000)
      Normal Theory Weighted Least Squares Chi-Square = 0.00 (P = 1.000000)

                  The Model is Saturated, the Fit is Perfect !


         Covariance Matrix of Parameter Estimates    

              BE 2,1     BE 3,1     BE 3,2     GA 1,1     GA 1,2     GA 1,3   
            --------   --------   --------   --------   --------   --------
   BE 2,1   0.001042
   BE 3,1   0.000000   0.001354
   BE 3,2   0.000000  -0.000573   0.001414
   GA 1,1   0.000000   0.000000   0.000000   0.000939
   GA 1,2   0.000000   0.000000   0.000000   0.000054   0.000878
   GA 1,3   0.000000   0.000000   0.000000  -0.000179   0.000110   0.001414
   GA 1,4   0.000000   0.000000   0.000000  -0.000120   0.000014  -0.000807
   GA 2,1  -0.000548   0.000000   0.000000   0.000000   0.000000   0.000000
   GA 2,2   0.000031   0.000000   0.000000   0.000000   0.000000   0.000000
   GA 2,3  -0.000124   0.000000   0.000000   0.000000   0.000000   0.000000
   GA 2,4  -0.000042   0.000000   0.000000   0.000000   0.000000   0.000000
   GA 3,1   0.000000  -0.000498  -0.000227   0.000000   0.000000   0.000000
   GA 3,2   0.000000  -0.000030   0.000158   0.000000   0.000000   0.000000
   GA 3,3   0.000000  -0.000035  -0.000244   0.000000   0.000000   0.000000
   GA 3,4   0.000000   0.000041  -0.000215   0.000000   0.000000   0.000000
   PH 1,1   0.000000   0.000000   0.000000   0.000000   0.000000   0.000000
   PH 2,1   0.000000   0.000000   0.000000   0.000000   0.000000   0.000000
   PH 2,2   0.000000   0.000000   0.000000   0.000000   0.000000   0.000000
   PH 3,1   0.000000   0.000000   0.000000   0.000000   0.000000   0.000000
   PH 3,2   0.000000   0.000000   0.000000   0.000000   0.000000   0.000000
   PH 3,3   0.000000   0.000000   0.000000   0.000000   0.000000   0.000000
   PH 4,1   0.000000   0.000000   0.000000   0.000000   0.000000   0.000000
   PH 4,2   0.000000   0.000000   0.000000   0.000000   0.000000   0.000000
   PH 4,3   0.000000   0.000000   0.000000   0.000000   0.000000   0.000000
   PH 4,4   0.000000   0.000000   0.000000   0.000000   0.000000   0.000000
   PS 1,1   0.000000   0.000000   0.000000   0.000000   0.000000   0.000000
   PS 2,2   0.000000   0.000000   0.000000   0.000000   0.000000   0.000000
   PS 3,3   0.000000   0.000000   0.000000   0.000000   0.000000   0.000000

         Covariance Matrix of Parameter Estimates    

              GA 1,4     GA 2,1     GA 2,2     GA 2,3     GA 2,4     GA 3,1   
            --------   --------   --------   --------   --------   --------
   GA 1,4   0.001379
   GA 2,1   0.000000   0.001033
   GA 2,2   0.000000   0.000026   0.000698
   GA 2,3   0.000000  -0.000077   0.000083   0.001137
   GA 2,4   0.000000  -0.000073   0.000010  -0.000636   0.001096
   GA 3,1   0.000000   0.000000   0.000000   0.000000   0.000000   0.001150
   GA 3,2   0.000000   0.000000   0.000000   0.000000   0.000000   0.000003
   GA 3,3   0.000000   0.000000   0.000000   0.000000   0.000000  -0.000044
   GA 3,4   0.000000   0.000000   0.000000   0.000000   0.000000  -0.000044
   PH 1,1   0.000000   0.000000   0.000000   0.000000   0.000000   0.000000
   PH 2,1   0.000000   0.000000   0.000000   0.000000   0.000000   0.000000
   PH 2,2   0.000000   0.000000   0.000000   0.000000   0.000000   0.000000
   PH 3,1   0.000000   0.000000   0.000000   0.000000   0.000000   0.000000
   PH 3,2   0.000000   0.000000   0.000000   0.000000   0.000000   0.000000
   PH 3,3   0.000000   0.000000   0.000000   0.000000   0.000000   0.000000
   PH 4,1   0.000000   0.000000   0.000000   0.000000   0.000000   0.000000
   PH 4,2   0.000000   0.000000   0.000000   0.000000   0.000000   0.000000
   PH 4,3   0.000000   0.000000   0.000000   0.000000   0.000000   0.000000
   PH 4,4   0.000000   0.000000   0.000000   0.000000   0.000000   0.000000
   PS 1,1   0.000000   0.000000   0.000000   0.000000   0.000000   0.000000
   PS 2,2   0.000000   0.000000   0.000000   0.000000   0.000000   0.000000
   PS 3,3   0.000000   0.000000   0.000000   0.000000   0.000000   0.000000

         Covariance Matrix of Parameter Estimates    

              GA 3,2     GA 3,3     GA 3,4     PH 1,1     PH 2,1     PH 2,2   
            --------   --------   --------   --------   --------   --------
   GA 3,2   0.000769
   GA 3,3   0.000063   0.001267
   GA 3,4  -0.000013  -0.000648   0.001214
   PH 1,1   0.000000   0.000000   0.000000   0.002625
   PH 2,1   0.000000   0.000000   0.000000  -0.000262   0.001325
   PH 2,2   0.000000   0.000000   0.000000   0.000026  -0.000262   0.002625
   PH 3,1   0.000000   0.000000   0.000000   0.000727  -0.000236   0.000040
   PH 3,2   0.000000   0.000000   0.000000  -0.000073   0.000383  -0.000399
   PH 3,3   0.000000   0.000000   0.000000   0.000201  -0.000111   0.000061
   PH 4,1   0.000000   0.000000   0.000000   0.000656  -0.000175   0.000028
   PH 4,2   0.000000   0.000000   0.000000  -0.000066   0.000342  -0.000283
   PH 4,3   0.000000   0.000000   0.000000   0.000182  -0.000089   0.000043
   PH 4,4   0.000000   0.000000   0.000000   0.000164  -0.000071   0.000031
   PS 1,1   0.000000   0.000000   0.000000   0.000000   0.000000   0.000000
   PS 2,2   0.000000   0.000000   0.000000   0.000000   0.000000   0.000000
   PS 3,3   0.000000   0.000000   0.000000   0.000000   0.000000   0.000000

         Covariance Matrix of Parameter Estimates    

              PH 3,1     PH 3,2     PH 3,3     PH 4,1     PH 4,2     PH 4,3   
            --------   --------   --------   --------   --------   --------
   PH 3,1   0.001413
   PH 3,2  -0.000186   0.001343
   PH 3,3   0.000727  -0.000399   0.002625
   PH 4,1   0.000893  -0.000119   0.000444   0.001394
   PH 4,2  -0.000130   0.000823  -0.000244  -0.000167   0.001328
   PH 4,3   0.000550  -0.000264   0.001604   0.000564  -0.000286   0.001802
   PH 4,4   0.000401  -0.000173   0.000980   0.000656  -0.000283   0.001604
   PS 1,1   0.000000   0.000000   0.000000   0.000000   0.000000   0.000000
   PS 2,2   0.000000   0.000000   0.000000   0.000000   0.000000   0.000000
   PS 3,3   0.000000   0.000000   0.000000   0.000000   0.000000   0.000000

         Covariance Matrix of Parameter Estimates    

              PH 4,4     PS 1,1     PS 2,2     PS 3,3   
            --------   --------   --------   --------
   PH 4,4   0.002625
   PS 1,1   0.000000   0.001112
   PS 2,2   0.000000   0.000000   0.000701
   PS 3,3   0.000000   0.000000   0.000000   0.000813

 AMBITION AND ATTAINMENT KERCKHOFF, A. C. (1974) American Sociological Society R

         Correlation Matrix of Parameter Estimates   

              BE 2,1     BE 3,1     BE 3,2     GA 1,1     GA 1,2     GA 1,3   
            --------   --------   --------   --------   --------   --------
   BE 2,1   1.000000
   BE 3,1   0.000000   1.000000
   BE 3,2   0.000000  -0.413983   1.000000
   GA 1,1   0.000000   0.000000   0.000000   1.000000
   GA 1,2   0.000000   0.000000   0.000000   0.059255   1.000000
   GA 1,3   0.000000   0.000000   0.000000  -0.155187   0.098581   1.000000
   GA 1,4   0.000000   0.000000   0.000000  -0.105199   0.012960  -0.578140
   GA 2,1  -0.527960   0.000000   0.000000   0.000000   0.000000   0.000000
   GA 2,2   0.036583   0.000000   0.000000   0.000000   0.000000   0.000000
   GA 2,3  -0.113872   0.000000   0.000000   0.000000   0.000000   0.000000
   GA 2,4  -0.039578   0.000000   0.000000   0.000000   0.000000   0.000000
   GA 3,1   0.000000  -0.399363  -0.177733   0.000000   0.000000   0.000000
   GA 3,2   0.000000  -0.029815   0.151532   0.000000   0.000000   0.000000
   GA 3,3   0.000000  -0.026380  -0.182463   0.000000   0.000000   0.000000
   GA 3,4   0.000000   0.032314  -0.163905   0.000000   0.000000   0.000000
   PH 1,1   0.000000   0.000000   0.000000   0.000000   0.000000   0.000000
   PH 2,1   0.000000   0.000000   0.000000   0.000000   0.000000   0.000000
   PH 2,2   0.000000   0.000000   0.000000   0.000000   0.000000   0.000000
   PH 3,1   0.000000   0.000000   0.000000   0.000000   0.000000   0.000000
   PH 3,2   0.000000   0.000000   0.000000   0.000000   0.000000   0.000000
   PH 3,3   0.000000   0.000000   0.000000   0.000000   0.000000   0.000000
   PH 4,1   0.000000   0.000000   0.000000   0.000000   0.000000   0.000000
   PH 4,2   0.000000   0.000000   0.000000   0.000000   0.000000   0.000000
   PH 4,3   0.000000   0.000000   0.000000   0.000000   0.000000   0.000000
   PH 4,4   0.000000   0.000000   0.000000   0.000000   0.000000   0.000000
   PS 1,1   0.000000   0.000000   0.000000   0.000000   0.000000   0.000000
   PS 2,2   0.000000   0.000000   0.000000   0.000000   0.000000   0.000000
   PS 3,3   0.000000   0.000000   0.000000   0.000000   0.000000   0.000000

         Correlation Matrix of Parameter Estimates   

              GA 1,4     GA 2,1     GA 2,2     GA 2,3     GA 2,4     GA 3,1   
            --------   --------   --------   --------   --------   --------
   GA 1,4   1.000000
   GA 2,1   0.000000   1.000000
   GA 2,2   0.000000   0.030976   1.000000
   GA 2,3   0.000000  -0.070819   0.093709   1.000000
   GA 2,4   0.000000  -0.068377   0.011493  -0.569422   1.000000
   GA 3,1   0.000000   0.000000   0.000000   0.000000   0.000000   1.000000
   GA 3,2   0.000000   0.000000   0.000000   0.000000   0.000000   0.003198
   GA 3,3   0.000000   0.000000   0.000000   0.000000   0.000000  -0.036091
   GA 3,4   0.000000   0.000000   0.000000   0.000000   0.000000  -0.037247
   PH 1,1   0.000000   0.000000   0.000000   0.000000   0.000000   0.000000
   PH 2,1   0.000000   0.000000   0.000000   0.000000   0.000000   0.000000
   PH 2,2   0.000000   0.000000   0.000000   0.000000   0.000000   0.000000
   PH 3,1   0.000000   0.000000   0.000000   0.000000   0.000000   0.000000
   PH 3,2   0.000000   0.000000   0.000000   0.000000   0.000000   0.000000
   PH 3,3   0.000000   0.000000   0.000000   0.000000   0.000000   0.000000
   PH 4,1   0.000000   0.000000   0.000000   0.000000   0.000000   0.000000
   PH 4,2   0.000000   0.000000   0.000000   0.000000   0.000000   0.000000
   PH 4,3   0.000000   0.000000   0.000000   0.000000   0.000000   0.000000
   PH 4,4   0.000000   0.000000   0.000000   0.000000   0.000000   0.000000
   PS 1,1   0.000000   0.000000   0.000000   0.000000   0.000000   0.000000
   PS 2,2   0.000000   0.000000   0.000000   0.000000   0.000000   0.000000
   PS 3,3   0.000000   0.000000   0.000000   0.000000   0.000000   0.000000

         Correlation Matrix of Parameter Estimates   

              GA 3,2     GA 3,3     GA 3,4     PH 1,1     PH 2,1     PH 2,2   
            --------   --------   --------   --------   --------   --------
   GA 3,2   1.000000
   GA 3,3   0.063423   1.000000
   GA 3,4  -0.013630  -0.522385   1.000000
   PH 1,1   0.000000   0.000000   0.000000   1.000000
   PH 2,1   0.000000   0.000000   0.000000  -0.140720   1.000000
   PH 2,2   0.000000   0.000000   0.000000   0.010000  -0.140720   1.000000
   PH 3,1   0.000000   0.000000   0.000000   0.377521  -0.172319   0.020716
   PH 3,2   0.000000   0.000000   0.000000  -0.038729   0.287448  -0.212519
   PH 3,3   0.000000   0.000000   0.000000   0.076729  -0.059249   0.023104
   PH 4,1   0.000000   0.000000   0.000000   0.342997  -0.128389   0.014817
   PH 4,2   0.000000   0.000000   0.000000  -0.035151   0.258005  -0.151852
   PH 4,3   0.000000   0.000000   0.000000   0.083570  -0.057667   0.019811
   PH 4,4   0.000000   0.000000   0.000000   0.062500  -0.037994   0.011664
   PS 1,1   0.000000   0.000000   0.000000   0.000000   0.000000   0.000000
   PS 2,2   0.000000   0.000000   0.000000   0.000000   0.000000   0.000000
   PS 3,3   0.000000   0.000000   0.000000   0.000000   0.000000   0.000000

         Correlation Matrix of Parameter Estimates   

              PH 3,1     PH 3,2     PH 3,3     PH 4,1     PH 4,2     PH 4,3   
            --------   --------   --------   --------   --------   --------
   PH 3,1   1.000000
   PH 3,2  -0.135392   1.000000
   PH 3,3   0.377521  -0.212519   1.000000
   PH 4,1   0.635991  -0.087296   0.232205   1.000000
   PH 4,2  -0.094952   0.616705  -0.130581  -0.122496   1.000000
   PH 4,3   0.344771  -0.169462   0.737344   0.355767  -0.184939   1.000000
   PH 4,4   0.208182  -0.092261   0.373321   0.342997  -0.151852   0.737344
   PS 1,1   0.000000   0.000000   0.000000   0.000000   0.000000   0.000000
   PS 2,2   0.000000   0.000000   0.000000   0.000000   0.000000   0.000000
   PS 3,3   0.000000   0.000000   0.000000   0.000000   0.000000   0.000000

         Correlation Matrix of Parameter Estimates   

              PH 4,4     PS 1,1     PS 2,2     PS 3,3   
            --------   --------   --------   --------
   PH 4,4   1.000000
   PS 1,1   0.000000   1.000000
   PS 2,2   0.000000   0.000000   1.000000
   PS 3,3   0.000000   0.000000   0.000000   1.000000

 AMBITION AND ATTAINMENT KERCKHOFF, A. C. (1974) American Sociological Society R

 Total and Indirect Effects

         Total Effects of X on Y     

            INTELLIG   SIBLINGS   FATHEDUC   FATHOCCU   
            --------   --------   --------   --------
   GRADES   0.525902  -0.029942   0.118966   0.040603
          (0.030646) (0.029630) (0.037600) (0.037135)
           17.160610  -1.010527   3.163956   1.093375
 
 EDUCEXPE   0.373339  -0.123910   0.220918   0.168302
          (0.029992) (0.028998) (0.036798) (0.036343)
           12.447970  -4.273076   6.003532   4.630940
 
 OCCUASPI   0.248827  -0.091653   0.098869   0.198486
          (0.034120) (0.032989) (0.041863) (0.041345)
            7.292671  -2.778275   2.361727   4.800705
 

         Indirect Effects of X on Y      

            INTELLIG   SIBLINGS   FATHEDUC   FATHOCCU   
            --------   --------   --------   --------
   GRADES    - -        - -        - -        - -    
 
 EDUCEXPE   0.213069  -0.012131   0.048199   0.016450
          (0.021029) (0.012043) (0.015710) (0.015102)
           10.132186  -1.007269   3.068019   1.089252
 
 OCCUASPI   0.288231  -0.072828   0.140201   0.098909
          (0.026605) (0.018876) (0.024530) (0.023765)
           10.833758  -3.858306   5.715393   4.161984
 

         Total Effects of Y on Y     

              GRADES   EDUCEXPE   OCCUASPI   
            --------   --------   --------
   GRADES    - -        - -        - -    
 
 EDUCEXPE   0.405150    - -        - -    
          (0.032273)
           12.554022
 
 OCCUASPI   0.380580   0.549593    - -    
          (0.037903) (0.037601)
           10.040772  14.616388
 

    Largest Eigenvalue of B*B' (Stability Index) is   0.349

         Indirect Effects of Y on Y      

              GRADES   EDUCEXPE   OCCUASPI   
            --------   --------   --------
   GRADES    - -        - -        - -    
 
 EDUCEXPE    - -        - -        - -    
 
 OCCUASPI   0.222668    - -        - -    
          (0.023381)
            9.523449
 

                           Time used:    0.047 Seconds
