Mplus VERSION 8.11
MUTHEN & MUTHEN
09/02/2025   3:46 AM

INPUT INSTRUCTIONS

  TITLE:
  WORD EXPERIMENT;

  DATA:
  File is 'Chap7_WorddataFulln.txt';
  listwise=on;!Complete cases only;

  VARIABLE:
  MISSING are .;
  Names are s X concrete abstract Y i r gender verbal quant
  remember understa enjoy enjoygen knmnemo usmnemo knmnemo1
  knmnemo2 usmnemo1 usmnemo2;
  !x=condition, i=image, y=total score;
  Usevariables are x i y xi;

  DEFINE:
  xi=x*i;

  ANALYSIS:
  	MODEL:
  	[y*1] (beta0);
  	i on x (gamma1);
  	[i*2](gamma0);
  	y on i (beta1);
      y on x (beta2);
      y on xi(beta3);
  	i*1;
      y*.5;
      MODEL INDIRECT:
      y MOD i xi x ;
      MODEL CONSTRAINT:
      NEW(tie de pie tnie tnde pnie pnde);
      tie = 0.35;
      de = 0.8;
      pie = 0.25;
      tnie = beta1*gamma1 + beta3*gamma1;
      tnde = beta2 + beta3*gamma0 + beta3*gamma1;
      pnie = beta1*gamma1;
      pnde = beta2 + beta3*gamma0;

  OUTPUT:



INPUT READING TERMINATED NORMALLY




WORD EXPERIMENT;

SUMMARY OF ANALYSIS

Number of groups                                                 1
Number of observations                                          44

Number of dependent variables                                    2
Number of independent variables                                  2
Number of continuous latent variables                            0

Observed dependent variables

  Continuous
   I           Y

Observed independent variables
   X           XI


Estimator                                                       ML
Information matrix                                        OBSERVED
Maximum number of iterations                                  1000
Convergence criterion                                    0.500D-04
Maximum number of steepest descent iterations                   20

Input data file(s)
  Chap7_WorddataFulln.txt

Input data format  FREE



UNIVARIATE SAMPLE STATISTICS


     UNIVARIATE HIGHER-ORDER MOMENT DESCRIPTIVE STATISTICS

         Variable/         Mean/     Skewness/   Minimum/ % with                Percentiles
        Sample Size      Variance    Kurtosis    Maximum  Min/Max      20%/60%    40%/80%    Median

     I                     6.159      -0.659       1.000   11.36%       3.000      6.000      7.000
              44.000       8.088      -1.021       9.000   29.55%       8.000      9.000
     Y                    13.227      -0.214       4.000    2.27%      10.000     12.000     13.000
              44.000      13.812      -0.663      19.000    9.09%      14.000     17.000
     X                     0.455       0.183       0.000   54.55%       0.000      0.000      0.000
              44.000       0.248      -1.967       1.000   45.45%       1.000      1.000
     XI                    3.682       0.279       0.000   54.55%       0.000      0.000      0.000
              44.000      16.899      -1.832       9.000   22.73%       6.000      9.000


THE MODEL ESTIMATION TERMINATED NORMALLY



MODEL FIT INFORMATION

Number of Free Parameters                        8

Loglikelihood

          H0 Value                        -210.729
          H1 Value                        -207.725

Information Criteria

          Akaike (AIC)                     437.459
          Bayesian (BIC)                   451.732
          Sample-Size Adjusted BIC         426.664
            (n* = (n + 2) / 24)

Chi-Square Test of Model Fit

          Value                              6.010
          Degrees of Freedom                     1
          P-Value                           0.0142

RMSEA (Root Mean Square Error Of Approximation)

          Estimate                           0.337
          90 Percent C.I.                    0.121  0.618
          Probability RMSEA <= .05           0.020

CFI/TLI

          CFI                                0.864
          TLI                                0.319

Chi-Square Test of Model Fit for the Baseline Model

          Value                             41.786
          Degrees of Freedom                     5
          P-Value                           0.0000

SRMR (Standardized Root Mean Square Residual)

          Value                              0.035



MODEL RESULTS

                                                    Two-Tailed
                    Estimate       S.E.  Est./S.E.    P-Value

 I        ON
    X                  3.558      0.674      5.283      0.000

 Y        ON
    I                  0.510      0.230      2.222      0.026
    X                 -5.888      5.063     -1.163      0.245
    XI                 0.814      0.642      1.266      0.205

 Intercepts
    I                  4.542      0.454     10.001      0.000
    Y                  9.766      1.226      7.963      0.000

 Residual Variances
    I                  4.949      1.055      4.690      0.000
    Y                 10.011      2.134      4.690      0.000

New/Additional Parameters
    TIE                0.350      0.000      0.000      1.000
    DE                 0.800      0.000      0.000      1.000
    PIE                0.250      0.000      0.000      1.000
    TNIE               4.710      2.314      2.036      0.042
    TNDE               0.701      1.322      0.530      0.596
    PNIE               1.815      0.886      2.049      0.041
    PNDE              -2.194      2.369     -0.926      0.355


QUALITY OF NUMERICAL RESULTS

     Condition Number for the Information Matrix              0.741E-03
       (ratio of smallest to largest eigenvalue)



TOTAL, INDIRECT, AND DIRECT EFFECTS BASED ON COUNTERFACTUALS (CAUSALLY-DEFINED EFFECTS, CONDITIONAL ON ALL OTHER COVARIATES BEING ZERO)


Effects from X to Y

                                                    Two-Tailed
                    Estimate       S.E.  Est./S.E.    P-Value

  Tot natural IE       4.710      2.314      2.036      0.042
  Pure natural DE     -2.194      2.369     -0.926      0.355
  Total effect         2.517      1.185      2.123      0.034

 Other effects

  Pure natural IE      1.815      0.886      2.049      0.041
  Tot natural DE       0.701      1.322      0.530      0.596
  Total effect         2.517      1.185      2.123      0.034


DIAGRAM INFORMATION

  Use View Diagram under the Diagram menu in the Mplus Editor to view the diagram.
  If running Mplus from the Mplus Diagrammer, the diagram opens automatically.

  Diagram output
    c:\users\xliu6\onedrive\desktop\mediation book programs\second edition\chapter 7\mplus\chap7_potential outcomes esti

     Beginning Time:  03:46:38
        Ending Time:  03:46:38
       Elapsed Time:  00:00:00



MUTHEN & MUTHEN
3463 Stoner Ave.
Los Angeles, CA  90066

Tel: (310) 391-9971
Fax: (310) 391-8971
Web: www.StatModel.com
Support: Support@StatModel.com

Copyright (c) 1998-2024 Muthen & Muthen
