Mplus VERSION 8.11
MUTHEN & MUTHEN
05/29/2025   1:50 AM

INPUT INSTRUCTIONS

  title: Bayesian Mediation analysis with diffuse prior;

  data: file=chap9_worddata.txt;

  variable:
      names= id x m r y xm;
      usev= x m y;

  analysis:
      estimator=bayes;fbiteration=25000;
      process=2;

  MODEL PRIORS:
      a ~ N (3.8883, 0.5914);
      b ~ N (0.769, 0.0424);
      cpr ~ N (1.341, 1.7983);

  model:
      m on x (a);
      y on m (b)
      x (cpr);

  model constraint:
      new (indirect);
      indirect=a*b;

  output: tech1 tech8 standardized;

  plot:
      type=plot2;



INPUT READING TERMINATED NORMALLY



Bayesian Mediation analysis with diffuse prior;

SUMMARY OF ANALYSIS

Number of groups                                                 1
Number of observations                                          44

Number of dependent variables                                    2
Number of independent variables                                  1
Number of continuous latent variables                            0

Observed dependent variables

  Continuous
   M           Y

Observed independent variables
   X


Estimator                                                    BAYES
Specifications for Bayesian Estimation
  Point estimate                                            MEDIAN
  Number of Markov chain Monte Carlo (MCMC) chains               2
  Random seed for the first chain                                0
  Starting value information                           UNPERTURBED
  Algorithm used for Markov chain Monte Carlo           GIBBS(PX1)
  Fixed number of iterations                                 25000
  K-th iteration used for thinning                               1

Input data file(s)
  chap9_worddata.txt
Input data format  FREE



UNIVARIATE SAMPLE STATISTICS


     UNIVARIATE HIGHER-ORDER MOMENT DESCRIPTIVE STATISTICS

         Variable/         Mean/     Skewness/   Minimum/ % with                Percentiles
        Sample Size      Variance    Kurtosis    Maximum  Min/Max      20%/60%    40%/80%    Median

     M                     6.159      -0.659       1.000   11.36%       3.000      6.000      7.000
              44.000       8.088      -1.021       9.000   29.55%       8.000      9.000
     Y                    13.227      -0.214       4.000    2.27%      10.000     12.000     13.000
              44.000      13.812      -0.663      19.000    9.09%      14.000     17.000
     X                     0.455       0.183       0.000   54.55%       0.000      0.000      0.000
              44.000       0.248      -1.967       1.000   45.45%       1.000      1.000


THE MODEL ESTIMATION TERMINATED NORMALLY

     USE THE FBITERATIONS OPTION TO INCREASE THE NUMBER OF ITERATIONS BY A FACTOR
     OF AT LEAST TWO TO CHECK CONVERGENCE AND THAT THE PSR VALUE DOES NOT INCREASE.



MODEL FIT INFORMATION

Number of Free Parameters                               7

Bayesian Posterior Predictive Checking using Chi-Square

          95% Confidence Interval for the Difference Between
          the Observed and the Replicated Chi-Square Values

                                -11.540             9.165

          Posterior Predictive P-Value              0.572

          Prior Posterior Predictive P-Value        0.628

Information Criteria

          Deviance (DIC)                          434.875
          Estimated Number of Parameters (pD)       5.348
          Bayesian (BIC)                          450.323

RMSEA (Root Mean Square Error Of Approximation)

          Estimate                           0.000
          90 Percent C.I.                    0.000  0.288
          Probability RMSEA <= .05           0.638

CFI/TLI

          CFI                                1.000
          90 Percent C.I.                    0.810  1.000

          TLI                                1.000
          90 Percent C.I.                    0.654  1.000



MODEL RESULTS

                                Posterior  One-Tailed         95% C.I.
                    Estimate       S.D.      P-Value   Lower 2.5%  Upper 2.5%  Significance

 M          ON
    X                  3.716       0.525      0.000       2.688       4.746      *

 Y          ON
    M                  0.665       0.146      0.000       0.377       0.950      *
    X                  0.602       0.889      0.249      -1.136       2.349

 Intercepts
    M                  4.472       0.430      0.000       3.637       5.319      *
    Y                  8.865       0.995      0.000       6.874      10.813      *

 Residual Variances
    M                  5.481       1.318      0.000       3.639       8.742      *
    Y                 11.664       2.858      0.000       7.747      18.750      *

New/Additional Parameters
    INDIRECT           2.439       0.650      0.000       1.298       3.847      *


STANDARDIZED MODEL RESULTS


STDYX Standardization

                                Posterior  One-Tailed         95% C.I.
                    Estimate       S.D.      P-Value   Lower 2.5%  Upper 2.5%  Significance
 M          ON
    X                  0.620       0.068      0.000       0.466       0.733      *

 Y          ON
    M                  0.486       0.100      0.000       0.283       0.673      *
    X                  0.073       0.106      0.249      -0.143       0.271

 Intercepts
    M                  1.492       0.227      0.000       1.080       1.969      *
    Y                  2.163       0.405      0.000       1.428       3.017      *

 Residual Variances
    M                  0.616       0.082      0.000       0.462       0.783      *
    Y                  0.705       0.092      0.000       0.519       0.876      *


STDY Standardization

                                Posterior  One-Tailed         95% C.I.
                    Estimate       S.D.      P-Value   Lower 2.5%  Upper 2.5%  Significance
 M          ON
    X                  1.245       0.137      0.000       0.935       1.473      *

 Y          ON
    M                  0.486       0.100      0.000       0.283       0.673      *
    X                  0.147       0.212      0.249      -0.286       0.543

 Intercepts
    M                  1.492       0.227      0.000       1.080       1.969      *
    Y                  2.163       0.405      0.000       1.428       3.017      *

 Residual Variances
    M                  0.616       0.082      0.000       0.462       0.783      *
    Y                  0.705       0.092      0.000       0.519       0.876      *


STD Standardization

                                Posterior  One-Tailed         95% C.I.
                    Estimate       S.D.      P-Value   Lower 2.5%  Upper 2.5%  Significance
 M          ON
    X                  3.716       0.525      0.000       2.688       4.746      *

 Y          ON
    M                  0.665       0.146      0.000       0.377       0.950      *
    X                  0.602       0.889      0.249      -1.136       2.349

 Intercepts
    M                  4.472       0.430      0.000       3.637       5.319      *
    Y                  8.865       0.995      0.000       6.874      10.813      *

 Residual Variances
    M                  5.481       1.318      0.000       3.639       8.742      *
    Y                 11.664       2.858      0.000       7.747      18.750      *


R-SQUARE

                                Posterior  One-Tailed         95% C.I.
    Variable        Estimate       S.D.      P-Value   Lower 2.5%  Upper 2.5%

    M                  0.384       0.082      0.000       0.217       0.538
    Y                  0.295       0.092      0.000       0.124       0.481


TECHNICAL 1 OUTPUT


     PARAMETER SPECIFICATION


           NU
              M             Y             X
              ________      ________      ________
                    0             0             0


           LAMBDA
              M             Y             X
              ________      ________      ________
 M                  0             0             0
 Y                  0             0             0
 X                  0             0             0


           THETA
              M             Y             X
              ________      ________      ________
 M                  0
 Y                  0             0
 X                  0             0             0


           ALPHA
              M             Y             X
              ________      ________      ________
                    1             2             0


           BETA
              M             Y             X
              ________      ________      ________
 M                  0             0             3
 Y                  4             0             5
 X                  0             0             0


           PSI
              M             Y             X
              ________      ________      ________
 M                  6
 Y                  0             7
 X                  0             0             0


     PARAMETER SPECIFICATION FOR THE ADDITIONAL PARAMETERS


           NEW/ADDITIONAL PARAMETERS
              INDIRECT
              ________
                    8


     STARTING VALUES


           NU
              M             Y             X
              ________      ________      ________
                0.000         0.000         0.000


           LAMBDA
              M             Y             X
              ________      ________      ________
 M              1.000         0.000         0.000
 Y              0.000         1.000         0.000
 X              0.000         0.000         1.000


           THETA
              M             Y             X
              ________      ________      ________
 M              0.000
 Y              0.000         0.000
 X              0.000         0.000         0.000


           ALPHA
              M             Y             X
              ________      ________      ________
                6.159        13.227         0.000


           BETA
              M             Y             X
              ________      ________      ________
 M              0.000         0.000         0.000
 Y              0.000         0.000         0.000
 X              0.000         0.000         0.000


           PSI
              M             Y             X
              ________      ________      ________
 M              4.044
 Y              0.000         6.906
 X              0.000         0.000         0.124


     STARTING VALUES FOR THE ADDITIONAL PARAMETERS


           NEW/ADDITIONAL PARAMETERS
              INDIRECT
              ________
                0.500



     PRIORS FOR ALL PARAMETERS            PRIOR MEAN      PRIOR VARIANCE     PRIOR STD. DEV.

     Parameter 1~N(0.000,infinity)           0.0000            infinity            infinity
     Parameter 2~N(0.000,infinity)           0.0000            infinity            infinity
     Parameter 3~N(3.888,0.591)              3.8883              0.5914              0.7690
     Parameter 4~N(0.769,0.042)              0.7690              0.0424              0.2059
     Parameter 5~N(1.341,1.798)              1.3410              1.7983              1.3410
     Parameter 6~IG(-1.000,0.000)          infinity            infinity            infinity
     Parameter 7~IG(-1.000,0.000)          infinity            infinity            infinity


TECHNICAL 8 OUTPUT


   TECHNICAL 8 OUTPUT FOR BAYES ESTIMATION

     CHAIN    BSEED
     1        0
     2        285380

     Iterations for computing PPPP

                     POTENTIAL       PARAMETER WITH
     ITERATION    SCALE REDUCTION      HIGHEST PSR
     100              1.003               1
     200              1.018               6
     300              1.002               4
     400              1.003               1
     500              1.013               1
     600              1.004               1
     700              1.006               1
     800              1.001               4
     900              1.001               5
     1000             1.001               5
     1100             1.002               2
     1200             1.005               5
     1300             1.005               5
     1400             1.004               5
     1500             1.003               5
     1600             1.001               5
     1700             1.000               5
     1800             1.000               3
     1900             1.000               1
     2000             1.000               6
     2100             1.001               3
     2200             1.001               6
     2300             1.001               6
     2400             1.001               6
     2500             1.001               6
     2600             1.000               6
     2700             1.000               6
     2800             1.000               1
     2900             1.000               1
     3000             1.000               1
     3100             1.000               1
     3200             1.000               4
     3300             1.000               3
     3400             1.000               1
     3500             1.000               1
     3600             1.000               1
     3700             1.000               1
     3800             1.000               1
     3900             1.000               1
     4000             1.000               1
     4100             1.000               1
     4200             1.000               1
     4300             1.000               1
     4400             1.000               1
     4500             1.000               1
     4600             1.000               7
     4700             1.000               1
     4800             1.000               7
     4900             1.000               1
     5000             1.000               1
     5100             1.000               1
     5200             1.000               7
     5300             1.000               7
     5400             1.000               4
     5500             1.000               4
     5600             1.000               1
     5700             1.000               2
     5800             1.000               2
     5900             1.000               2
     6000             1.000               2
     6100             1.000               2
     6200             1.000               1
     6300             1.000               1
     6400             1.000               4
     6500             1.000               2
     6600             1.000               2
     6700             1.000               2
     6800             1.000               2
     6900             1.001               2
     7000             1.001               2
     7100             1.000               2
     7200             1.000               2
     7300             1.000               2
     7400             1.000               2
     7500             1.000               2
     7600             1.000               2
     7700             1.000               2
     7800             1.000               4
     7900             1.000               2
     8000             1.000               2
     8100             1.000               4
     8200             1.000               4
     8300             1.000               4
     8400             1.000               4
     8500             1.000               4
     8600             1.000               4
     8700             1.000               2
     8800             1.000               2
     8900             1.000               2
     9000             1.000               2
     9100             1.000               2
     9200             1.000               2
     9300             1.001               2
     9400             1.001               2
     9500             1.001               2
     9600             1.001               2
     9700             1.001               2
     9800             1.001               2
     9900             1.001               2
     10000            1.001               2
     10100            1.001               2
     10200            1.001               2
     10300            1.001               2
     10400            1.001               2
     10500            1.001               2
     10600            1.000               2
     10700            1.000               2
     10800            1.000               2
     10900            1.000               2
     11000            1.000               2
     11100            1.000               2
     11200            1.000               2
     11300            1.000               2
     11400            1.000               4
     11500            1.000               2
     11600            1.000               4
     11700            1.000               2
     11800            1.000               4
     11900            1.000               4
     12000            1.000               4
     12100            1.000               4
     12200            1.000               4
     12300            1.000               5
     12400            1.000               5
     12500            1.000               4
     12600            1.000               4
     12700            1.000               4
     12800            1.000               2
     12900            1.000               2
     13000            1.000               1
     13100            1.000               1
     13200            1.000               1
     13300            1.000               5
     13400            1.000               5
     13500            1.000               5
     13600            1.000               5
     13700            1.000               5
     13800            1.000               5
     13900            1.000               5
     14000            1.000               5
     14100            1.000               5
     14200            1.000               5
     14300            1.000               5
     14400            1.000               5
     14500            1.000               5
     14600            1.000               5
     14700            1.000               5
     14800            1.000               5
     14900            1.000               5
     15000            1.000               1
     15100            1.000               1
     15200            1.000               1
     15300            1.000               1
     15400            1.000               1
     15500            1.000               1
     15600            1.000               1
     15700            1.000               1
     15800            1.000               5
     15900            1.000               1
     16000            1.000               1
     16100            1.000               1
     16200            1.000               1
     16300            1.000               1
     16400            1.000               1
     16500            1.000               1
     16600            1.000               1
     16700            1.000               1
     16800            1.000               1
     16900            1.000               1
     17000            1.000               1
     17100            1.000               1
     17200            1.000               1
     17300            1.000               5
     17400            1.000               5
     17500            1.000               5
     17600            1.000               5
     17700            1.000               1
     17800            1.000               1
     17900            1.000               1
     18000            1.000               1
     18100            1.000               6
     18200            1.000               6
     18300            1.000               6
     18400            1.000               4
     18500            1.000               4
     18600            1.000               4
     18700            1.000               4
     18800            1.000               4
     18900            1.000               4
     19000            1.000               4
     19100            1.000               4
     19200            1.000               4
     19300            1.000               6
     19400            1.000               6
     19500            1.000               4
     19600            1.000               4
     19700            1.000               4
     19800            1.000               4
     19900            1.000               4
     20000            1.000               4
     20100            1.000               4
     20200            1.000               4
     20300            1.000               5
     20400            1.000               4
     20500            1.000               4
     20600            1.000               4
     20700            1.000               4
     20800            1.000               4
     20900            1.000               5
     21000            1.000               5
     21100            1.000               5
     21200            1.000               5
     21300            1.000               6
     21400            1.000               5
     21500            1.000               5
     21600            1.000               5
     21700            1.000               6
     21800            1.000               6
     21900            1.000               6
     22000            1.000               6
     22100            1.000               7
     22200            1.000               7
     22300            1.000               7
     22400            1.000               7
     22500            1.000               7
     22600            1.000               7
     22700            1.000               7
     22800            1.000               7
     22900            1.000               7
     23000            1.000               7
     23100            1.000               7
     23200            1.000               7
     23300            1.000               6
     23400            1.000               7
     23500            1.000               6
     23600            1.000               6
     23700            1.000               6
     23800            1.000               6
     23900            1.000               6
     24000            1.000               6
     24100            1.000               6
     24200            1.000               7
     24300            1.000               7
     24400            1.000               7
     24500            1.000               6
     24600            1.000               7
     24700            1.000               7
     24800            1.000               6
     24900            1.000               6
     25000            1.000               6

     Iterations for model estimation

                     POTENTIAL       PARAMETER WITH
     ITERATION    SCALE REDUCTION      HIGHEST PSR
     100              1.004               3
     200              1.016               6
     300              1.001               2
     400              1.005               3
     500              1.016               3
     600              1.008               3
     700              1.009               3
     800              1.001               2
     900              1.001               5
     1000             1.001               5
     1100             1.004               5
     1200             1.007               5
     1300             1.006               5
     1400             1.006               5
     1500             1.005               5
     1600             1.001               5
     1700             1.001               5
     1800             1.000               1
     1900             1.000               1
     2000             1.000               6
     2100             1.001               1
     2200             1.001               6
     2300             1.001               6
     2400             1.001               6
     2500             1.001               6
     2600             1.000               6
     2700             1.000               6
     2800             1.000               1
     2900             1.000               1
     3000             1.000               1
     3100             1.000               1
     3200             1.000               2
     3300             1.000               1
     3400             1.000               1
     3500             1.000               1
     3600             1.000               1
     3700             1.000               1
     3800             1.000               1
     3900             1.000               1
     4000             1.000               1
     4100             1.000               1
     4200             1.000               1
     4300             1.000               1
     4400             1.000               1
     4500             1.000               1
     4600             1.000               7
     4700             1.000               7
     4800             1.000               7
     4900             1.000               7
     5000             1.000               7
     5100             1.000               7
     5200             1.000               7
     5300             1.000               7
     5400             1.000               2
     5500             1.000               2
     5600             1.000               1
     5700             1.000               4
     5800             1.000               4
     5900             1.000               2
     6000             1.000               1
     6100             1.000               2
     6200             1.000               3
     6300             1.000               3
     6400             1.000               2
     6500             1.000               2
     6600             1.000               4
     6700             1.000               4
     6800             1.000               4
     6900             1.001               4
     7000             1.001               4
     7100             1.000               4
     7200             1.000               4
     7300             1.000               4
     7400             1.000               4
     7500             1.000               2
     7600             1.000               4
     7700             1.001               2
     7800             1.001               2
     7900             1.001               2
     8000             1.001               2
     8100             1.000               2
     8200             1.000               2
     8300             1.000               2
     8400             1.000               2
     8500             1.000               2
     8600             1.000               2
     8700             1.000               4
     8800             1.000               4
     8900             1.000               4
     9000             1.000               4
     9100             1.000               4
     9200             1.000               4
     9300             1.001               4
     9400             1.001               4
     9500             1.001               4
     9600             1.001               4
     9700             1.001               4
     9800             1.001               4
     9900             1.001               4
     10000            1.001               4
     10100            1.001               4
     10200            1.001               4
     10300            1.001               4
     10400            1.001               4
     10500            1.001               4
     10600            1.000               4
     10700            1.000               4
     10800            1.000               4
     10900            1.000               4
     11000            1.000               4
     11100            1.000               4
     11200            1.000               4
     11300            1.000               2
     11400            1.000               2
     11500            1.000               4
     11600            1.000               2
     11700            1.000               2
     11800            1.000               2
     11900            1.000               2
     12000            1.000               2
     12100            1.000               2
     12200            1.000               2
     12300            1.000               2
     12400            1.000               2
     12500            1.000               1
     12600            1.000               2
     12700            1.000               2
     12800            1.000               4
     12900            1.000               4
     13000            1.000               3
     13100            1.000               3
     13200            1.000               3
     13300            1.000               3
     13400            1.000               3
     13500            1.000               3
     13600            1.000               3
     13700            1.000               3
     13800            1.000               3
     13900            1.000               5
     14000            1.000               5
     14100            1.000               3
     14200            1.000               3
     14300            1.000               3
     14400            1.000               3
     14500            1.000               3
     14600            1.000               3
     14700            1.000               3
     14800            1.000               3
     14900            1.000               3
     15000            1.000               3
     15100            1.000               3
     15200            1.000               3
     15300            1.000               3
     15400            1.000               3
     15500            1.000               3
     15600            1.000               3
     15700            1.000               3
     15800            1.000               3
     15900            1.000               3
     16000            1.000               3
     16100            1.000               3
     16200            1.000               3
     16300            1.000               3
     16400            1.000               3
     16500            1.000               3
     16600            1.000               3
     16700            1.000               3
     16800            1.000               3
     16900            1.000               3
     17000            1.000               3
     17100            1.000               3
     17200            1.000               3
     17300            1.000               3
     17400            1.000               3
     17500            1.000               7
     17600            1.000               7
     17700            1.000               3
     17800            1.000               3
     17900            1.000               7
     18000            1.000               7
     18100            1.000               7
     18200            1.000               7
     18300            1.000               7
     18400            1.000               7
     18500            1.000               7
     18600            1.000               7
     18700            1.000               7
     18800            1.000               7
     18900            1.000               7
     19000            1.000               7
     19100            1.000               7
     19200            1.000               7
     19300            1.000               7
     19400            1.000               7
     19500            1.000               7
     19600            1.000               7
     19700            1.000               7
     19800            1.000               7
     19900            1.000               2
     20000            1.000               2
     20100            1.000               2
     20200            1.000               7
     20300            1.000               7
     20400            1.000               2
     20500            1.000               7
     20600            1.000               7
     20700            1.000               7
     20800            1.000               7
     20900            1.000               7
     21000            1.000               7
     21100            1.000               7
     21200            1.000               7
     21300            1.000               7
     21400            1.000               7
     21500            1.000               7
     21600            1.000               6
     21700            1.000               7
     21800            1.000               7
     21900            1.000               7
     22000            1.000               7
     22100            1.000               7
     22200            1.000               7
     22300            1.000               7
     22400            1.000               7
     22500            1.000               7
     22600            1.000               7
     22700            1.000               7
     22800            1.000               7
     22900            1.000               7
     23000            1.000               7
     23100            1.000               7
     23200            1.000               7
     23300            1.000               7
     23400            1.000               7
     23500            1.000               7
     23600            1.000               7
     23700            1.000               7
     23800            1.000               7
     23900            1.000               7
     24000            1.000               7
     24100            1.000               7
     24200            1.000               7
     24300            1.000               7
     24400            1.000               7
     24500            1.000               7
     24600            1.000               7
     24700            1.000               7
     24800            1.000               7
     24900            1.000               6
     25000            1.000               6


PLOT INFORMATION

The following plots are available:

  Bayesian posterior parameter distributions
  Bayesian posterior parameter trace plots
  Bayesian autocorrelation plots
  Bayesian prior parameter distributions
  Bayesian posterior predictive checking scatterplots
  Bayesian posterior predictive checking distribution plots

DIAGRAM INFORMATION

  Use View Diagram under the Diagram menu in the Mplus Editor to view the diagram.
  If running Mplus from the Mplus Diagrammer, the diagram opens automatically.

  Diagram output
    c:\users\xliu6\asu dropbox\xinran liu\pc (3)\downloads\mediation book 2025-20250527t092340z-1-001\mediation book 202

     Beginning Time:  01:50:04
        Ending Time:  01:50:04
       Elapsed Time:  00:00:00



MUTHEN & MUTHEN
3463 Stoner Ave.
Los Angeles, CA  90066

Tel: (310) 391-9971
Fax: (310) 391-8971
Web: www.StatModel.com
Support: Support@StatModel.com

Copyright (c) 1998-2024 Muthen & Muthen
