Mplus VERSION 8.11
MUTHEN & MUTHEN
12/02/2025   5:31 PM

INPUT INSTRUCTIONS

  TITLE: Bayesian Causal Mediation;
  data: file is Chap9_worddata.txt;
  variable:  names are id x m r y xm;
    usevariables are x m y xm;
  Analysis: estimator = bayes;
  chains = 2; fbiterations = 20000;
  model:
  y on m (b)
  x (c)
  xm (h);
  m on x (a);
   m (sigma_m);
  y (sigma_y);
  [m] (intm);
   [y] (inty);

   MODEL PRIORS:
   a ~ N(0,1000);
   b ~ N(0,1000);
   c ~ N(0,1000);
   h ~ N(0,1000);
   sigma_m ~ IG(.01,.01);
   sigma_y ~ IG(.01,.01);
  intm ~ N(10,25);
   inty ~ N(10,25);

  MODEL CONSTRAINT:
  new(ab pnde pnie tnde tnie cde);
  ab=a*b;
  pnde = c + h*intm;
  pnie = a*b;
  tnde = c + a*h + h*intm;
  tnie = a*b + a*h;
  cde = c; !the m value is at the mean, which is zero
   Output: sampstat tech8;
  plot: type = plot2;




*** WARNING in OUTPUT command
  SAMPSTAT option is not available for ESTIMATOR=BAYES.  Use TYPE=BASIC.
  Request for SAMPSTAT is ignored.
   1 WARNING(S) FOUND IN THE INPUT INSTRUCTIONS



Bayesian Causal Mediation;

SUMMARY OF ANALYSIS

Number of groups                                                 1
Number of observations                                          44

Number of dependent variables                                    2
Number of independent variables                                  2
Number of continuous latent variables                            0

Observed dependent variables

  Continuous
   M           Y

Observed independent variables
   X           XM


Estimator                                                    BAYES
Specifications for Bayesian Estimation
  Point estimate                                            MEDIAN
  Number of Markov chain Monte Carlo (MCMC) chains               2
  Random seed for the first chain                                0
  Starting value information                           UNPERTURBED
  Algorithm used for Markov chain Monte Carlo           GIBBS(PX1)
  Fixed number of iterations                                 20000
  K-th iteration used for thinning                               1

Input data file(s)
  Chap9_worddata.txt
Input data format  FREE



UNIVARIATE SAMPLE STATISTICS


     UNIVARIATE HIGHER-ORDER MOMENT DESCRIPTIVE STATISTICS

         Variable/         Mean/     Skewness/   Minimum/ % with                Percentiles
        Sample Size      Variance    Kurtosis    Maximum  Min/Max      20%/60%    40%/80%    Median

     M                     6.159      -0.659       1.000   11.36%       3.000      6.000      7.000
              44.000       8.088      -1.021       9.000   29.55%       8.000      9.000
     Y                    13.227      -0.214       4.000    2.27%      10.000     12.000     13.000
              44.000      13.812      -0.663      19.000    9.09%      14.000     17.000
     X                     0.455       0.183       0.000   54.55%       0.000      0.000      0.000
              44.000       0.248      -1.967       1.000   45.45%       1.000      1.000
     XM                    3.682       0.279       0.000   54.55%       0.000      0.000      0.000
              44.000      16.899      -1.832       9.000   22.73%       6.000      9.000


THE MODEL ESTIMATION TERMINATED NORMALLY

     USE THE FBITERATIONS OPTION TO INCREASE THE NUMBER OF ITERATIONS BY A FACTOR
     OF AT LEAST TWO TO CHECK CONVERGENCE AND THAT THE PSR VALUE DOES NOT INCREASE.



MODEL FIT INFORMATION

Number of Free Parameters                               8

Bayesian Posterior Predictive Checking using Chi-Square

          95% Confidence Interval for the Difference Between
          the Observed and the Replicated Chi-Square Values

                                 -7.192            16.326

          Posterior Predictive P-Value              0.208

Information Criteria

          Deviance (DIC)                          437.328
          Estimated Number of Parameters (pD)       7.617
          Bayesian (BIC)                          452.085

RMSEA (Root Mean Square Error Of Approximation)

          Estimate                           0.274
          90 Percent C.I.                    0.000  0.457
          Probability RMSEA <= .05           0.071

CFI/TLI

          CFI                                0.876
          90 Percent C.I.                    0.648  1.000

          TLI                                0.552
          90 Percent C.I.                    0.000  1.000



MODEL RESULTS

                                Posterior  One-Tailed         95% C.I.
                    Estimate       S.D.      P-Value   Lower 2.5%  Upper 2.5%  Significance

 Y          ON
    M                  0.509       0.241      0.019       0.025       0.982      *
    X                 -5.832       5.346      0.137     -16.310       4.775
    XM                 0.804       0.678      0.115      -0.533       2.150

 M          ON
    X                  3.514       0.702      0.000       2.109       4.880      *

 Intercepts
    M                  4.589       0.472      0.000       3.657       5.525      *
    Y                  9.766       1.279      0.000       7.260      12.294      *

 Residual Variances
    M                  5.263       1.240      0.000       3.526       8.349      *
    Y                 11.180       2.708      0.000       7.408      17.908      *

New/Additional Parameters
    AB                 1.726       0.934      0.019       0.085       3.785      *
    PNDE              -2.087       2.500      0.193      -7.154       2.808
    PNIE               1.726       0.934      0.019       0.085       3.785      *
    TNDE               0.698       1.458      0.314      -2.060       3.660
    TNIE               4.461       2.444      0.021       0.183       9.854      *
    CDE               -5.832       5.346      0.137     -16.310       4.775


TECHNICAL 1 OUTPUT


     PARAMETER SPECIFICATION


           NU
              M             Y             X             XM
              ________      ________      ________      ________
                    0             0             0             0


           LAMBDA
              M             Y             X             XM
              ________      ________      ________      ________
 M                  0             0             0             0
 Y                  0             0             0             0
 X                  0             0             0             0
 XM                 0             0             0             0


           THETA
              M             Y             X             XM
              ________      ________      ________      ________
 M                  0
 Y                  0             0
 X                  0             0             0
 XM                 0             0             0             0


           ALPHA
              M             Y             X             XM
              ________      ________      ________      ________
                    1             2             0             0


           BETA
              M             Y             X             XM
              ________      ________      ________      ________
 M                  0             0             3             0
 Y                  4             0             5             6
 X                  0             0             0             0
 XM                 0             0             0             0


           PSI
              M             Y             X             XM
              ________      ________      ________      ________
 M                  7
 Y                  0             8
 X                  0             0             0
 XM                 0             0             0             0


     PARAMETER SPECIFICATION FOR THE ADDITIONAL PARAMETERS


           NEW/ADDITIONAL PARAMETERS
              AB            PNDE          PNIE          TNDE          TNIE
              ________      ________      ________      ________      ________
                    9            10            11            12            13


           NEW/ADDITIONAL PARAMETERS
              CDE
              ________
                   14


     STARTING VALUES


           NU
              M             Y             X             XM
              ________      ________      ________      ________
                0.000         0.000         0.000         0.000


           LAMBDA
              M             Y             X             XM
              ________      ________      ________      ________
 M              1.000         0.000         0.000         0.000
 Y              0.000         1.000         0.000         0.000
 X              0.000         0.000         1.000         0.000
 XM             0.000         0.000         0.000         1.000


           THETA
              M             Y             X             XM
              ________      ________      ________      ________
 M              0.000
 Y              0.000         0.000
 X              0.000         0.000         0.000
 XM             0.000         0.000         0.000         0.000


           ALPHA
              M             Y             X             XM
              ________      ________      ________      ________
                6.159        13.227         0.000         0.000


           BETA
              M             Y             X             XM
              ________      ________      ________      ________
 M              0.000         0.000         0.000         0.000
 Y              0.000         0.000         0.000         0.000
 X              0.000         0.000         0.000         0.000
 XM             0.000         0.000         0.000         0.000


           PSI
              M             Y             X             XM
              ________      ________      ________      ________
 M              4.044
 Y              0.000         6.906
 X              0.000         0.000         0.124
 XM             0.000         0.000         0.000         8.449


     STARTING VALUES FOR THE ADDITIONAL PARAMETERS


           NEW/ADDITIONAL PARAMETERS
              AB            PNDE          PNIE          TNDE          TNIE
              ________      ________      ________      ________      ________
                0.500         0.500         0.500         0.500         0.500


           NEW/ADDITIONAL PARAMETERS
              CDE
              ________
                0.500



     PRIORS FOR ALL PARAMETERS            PRIOR MEAN      PRIOR VARIANCE     PRIOR STD. DEV.

     Parameter 1~N(10.000,25.000)           10.0000             25.0000              5.0000
     Parameter 2~N(10.000,25.000)           10.0000             25.0000              5.0000
     Parameter 3~N(0.000,1000.000)           0.0000           1000.0000             31.6228
     Parameter 4~N(0.000,1000.000)           0.0000           1000.0000             31.6228
     Parameter 5~N(0.000,1000.000)           0.0000           1000.0000             31.6228
     Parameter 6~N(0.000,1000.000)           0.0000           1000.0000             31.6228
     Parameter 7~IG(0.010,0.010)           infinity            infinity            infinity
     Parameter 8~IG(0.010,0.010)           infinity            infinity            infinity


TECHNICAL 8 OUTPUT


   TECHNICAL 8 OUTPUT FOR BAYES ESTIMATION

     CHAIN    BSEED
     1        0
     2        285380

                     POTENTIAL       PARAMETER WITH
     ITERATION    SCALE REDUCTION      HIGHEST PSR
     100              1.012               7
     200              1.011               7
     300              1.009               7
     400              1.009               3
     500              1.009               8
     600              1.005               8
     700              1.001               8
     800              1.000               1
     900              1.000               1
     1000             1.000               1
     1100             1.000               1
     1200             1.000               6
     1300             1.000               8
     1400             1.001               8
     1500             1.001               3
     1600             1.001               3
     1700             1.001               8
     1800             1.001               8
     1900             1.002               8
     2000             1.001               3
     2100             1.001               8
     2200             1.001               3
     2300             1.001               3
     2400             1.001               3
     2500             1.000               3
     2600             1.000               4
     2700             1.000               4
     2800             1.000               1
     2900             1.000               1
     3000             1.000               1
     3100             1.000               1
     3200             1.000               1
     3300             1.000               4
     3400             1.000               4
     3500             1.000               2
     3600             1.000               1
     3700             1.000               1
     3800             1.000               1
     3900             1.000               1
     4000             1.000               1
     4100             1.000               1
     4200             1.000               1
     4300             1.000               1
     4400             1.000               7
     4500             1.000               7
     4600             1.000               7
     4700             1.000               7
     4800             1.000               1
     4900             1.000               1
     5000             1.000               1
     5100             1.000               7
     5200             1.000               1
     5300             1.000               1
     5400             1.000               1
     5500             1.000               1
     5600             1.000               1
     5700             1.000               1
     5800             1.000               1
     5900             1.000               1
     6000             1.000               1
     6100             1.000               7
     6200             1.000               7
     6300             1.000               7
     6400             1.000               7
     6500             1.000               7
     6600             1.000               1
     6700             1.000               1
     6800             1.000               1
     6900             1.000               1
     7000             1.000               1
     7100             1.000               1
     7200             1.000               1
     7300             1.000               8
     7400             1.000               8
     7500             1.000               1
     7600             1.000               1
     7700             1.000               1
     7800             1.000               1
     7900             1.000               1
     8000             1.000               1
     8100             1.000               1
     8200             1.000               1
     8300             1.000               1
     8400             1.000               1
     8500             1.000               1
     8600             1.000               1
     8700             1.000               1
     8800             1.000               1
     8900             1.000               1
     9000             1.000               1
     9100             1.000               1
     9200             1.000               1
     9300             1.000               1
     9400             1.000               1
     9500             1.000               1
     9600             1.000               1
     9700             1.000               1
     9800             1.000               1
     9900             1.000               1
     10000            1.000               1
     10100            1.000               6
     10200            1.000               1
     10300            1.000               1
     10400            1.000               6
     10500            1.000               6
     10600            1.000               3
     10700            1.000               3
     10800            1.000               3
     10900            1.000               6
     11000            1.000               6
     11100            1.000               3
     11200            1.000               3
     11300            1.000               3
     11400            1.000               3
     11500            1.000               3
     11600            1.000               3
     11700            1.000               3
     11800            1.000               4
     11900            1.000               3
     12000            1.000               3
     12100            1.000               3
     12200            1.000               3
     12300            1.000               3
     12400            1.000               3
     12500            1.000               3
     12600            1.000               3
     12700            1.000               3
     12800            1.000               3
     12900            1.000               3
     13000            1.000               3
     13100            1.000               3
     13200            1.000               3
     13300            1.000               3
     13400            1.000               3
     13500            1.000               3
     13600            1.000               3
     13700            1.000               3
     13800            1.000               3
     13900            1.000               3
     14000            1.000               3
     14100            1.000               3
     14200            1.000               3
     14300            1.000               3
     14400            1.000               3
     14500            1.000               3
     14600            1.000               3
     14700            1.000               3
     14800            1.000               1
     14900            1.000               1
     15000            1.000               1
     15100            1.000               1
     15200            1.000               1
     15300            1.000               1
     15400            1.000               1
     15500            1.000               1
     15600            1.000               1
     15700            1.000               1
     15800            1.000               1
     15900            1.000               1
     16000            1.000               1
     16100            1.000               1
     16200            1.000               1
     16300            1.000               1
     16400            1.000               1
     16500            1.000               1
     16600            1.000               1
     16700            1.000               1
     16800            1.000               1
     16900            1.000               1
     17000            1.000               1
     17100            1.000               1
     17200            1.000               1
     17300            1.000               1
     17400            1.000               1
     17500            1.000               1
     17600            1.000               1
     17700            1.000               1
     17800            1.000               1
     17900            1.000               1
     18000            1.000               1
     18100            1.000               1
     18200            1.000               1
     18300            1.000               1
     18400            1.000               1
     18500            1.000               1
     18600            1.000               1
     18700            1.000               1
     18800            1.000               1
     18900            1.000               1
     19000            1.000               1
     19100            1.000               1
     19200            1.000               1
     19300            1.000               1
     19400            1.000               1
     19500            1.000               1
     19600            1.000               1
     19700            1.000               1
     19800            1.000               1
     19900            1.000               1
     20000            1.000               1


PLOT INFORMATION

The following plots are available:

  Bayesian posterior parameter distributions
  Bayesian posterior parameter trace plots
  Bayesian autocorrelation plots
  Bayesian prior parameter distributions
  Bayesian posterior predictive checking scatterplots
  Bayesian posterior predictive checking distribution plots

DIAGRAM INFORMATION

  Use View Diagram under the Diagram menu in the Mplus Editor to view the diagram.
  If running Mplus from the Mplus Diagrammer, the diagram opens automatically.

  Diagram output
    c:\users\xliu6\asu dropbox\xinran liu\pc (3)\downloads\mplus\chap9_xm interaction.dgm

     Beginning Time:  17:31:01
        Ending Time:  17:31:02
       Elapsed Time:  00:00:01



MUTHEN & MUTHEN
3463 Stoner Ave.
Los Angeles, CA  90066

Tel: (310) 391-9971
Fax: (310) 391-8971
Web: www.StatModel.com
Support: Support@StatModel.com

Copyright (c) 1998-2024 Muthen & Muthen
