                                         The SAS System    14:19 Thursday, September 28, 2006   1

                                       The MEANS Procedure

        Variable       N            Mean         Std Dev         Minimum         Maximum
        ƒƒƒƒƒƒƒƒƒƒƒƒƒƒƒƒƒƒƒƒƒƒƒƒƒƒƒƒƒƒƒƒƒƒƒƒƒƒƒƒƒƒƒƒƒƒƒƒƒƒƒƒƒƒƒƒƒƒƒƒƒƒƒƒƒƒƒƒƒƒƒƒƒƒƒƒƒƒƒƒ
        e1          4000      -2.4150887       3.9343672      -9.0000000      50.0000000
        e2          4000      -4.7019377       4.3170265      -9.0000000       3.0000000
        e3          4000      -4.7020614       4.3166851      -9.0000000       1.2981934
        a           4000      -2.4702199       3.7992803      -9.0000000       6.0000000
        b           4000      -4.7154126       4.3019244      -9.0000000       1.0240701
        cp          3999      -4.7131580       4.3054721      -9.0000000       1.0000000
        see1        4000      -4.4925052       4.5623684      -9.0000000       1.6853061
        see2        4000      12.6785771      21.5513926      -9.0000000      50.0000000
        see3        4000      -1.4711562       4.5749256      -9.0000000       3.0000000
        sea         3999      -2.2669725       3.9484658      -9.0000000       1.1798146
        seb         3999      -2.2683159       3.9504632      -9.0000000       1.2123611
        secp        3001      -3.9623956       3.6209802      -9.0000000       2.2750000
        ab          4000      20.5016725      34.9357530      -9.0000000      81.0000000
        seab        3999      29.0542332      49.3793286               0     114.5512986
        t           3000       0.5019790       0.2902627      -0.1104315       1.0000000
        ƒƒƒƒƒƒƒƒƒƒƒƒƒƒƒƒƒƒƒƒƒƒƒƒƒƒƒƒƒƒƒƒƒƒƒƒƒƒƒƒƒƒƒƒƒƒƒƒƒƒƒƒƒƒƒƒƒƒƒƒƒƒƒƒƒƒƒƒƒƒƒƒƒƒƒƒƒƒƒƒ
                                         The SAS System    14:19 Thursday, September 28, 2006   2

                                    The UNIVARIATE Procedure
                                          Variable:  ab

                                             Moments

                 N                        4000    Sum Weights               4000
                 Mean               20.5016725    Sum Observations      82006.69
                 Std Deviation       34.935753    Variance            1220.50684
                 Skewness           1.15460254    Kurtosis            -0.6663966
                 Uncorrected SS     6562081.16    Corrected SS        4880806.86
                 Coeff Variation    170.404405    Std Error Mean      0.55238276


                                   Basic Statistical Measures

                         Location                    Variability

                     Mean     20.50167     Std Deviation           34.93575
                     Median    0.48896     Variance                    1221
                     Mode     81.00000     Range                   90.00000
                                           Interquartile Range     41.00000


                                   Tests for Location: Mu0=0

                        Test           -Statistic-    -----p Value------

                        Student's t    t  37.11498    Pr > |t|    <.0001
                        Sign           M    1385.5    Pr >= |M|   <.0001
                        Signed Rank    S   3631040    Pr >= |S|   <.0001


                                      Tests for Normality

                   Test                  --Statistic---    -----p Value------

                   Kolmogorov-Smirnov    D     0.461651    Pr > D     <0.0100
                   Cramer-von Mises      W-Sq  173.9329    Pr > W-Sq  <0.0050
                   Anderson-Darling      A-Sq  935.9302    Pr > A-Sq  <0.0050


                                    Quantiles (Definition 5)

                                    Quantile        Estimate

                                    100% Max       81.000000
                                    99%            81.000000
                                    95%            81.000000
                                    90%            81.000000
                                    75% Q3         41.000000
                                    50% Median      0.488964
                                    25% Q1          0.000000
                                    10%            -0.000000
                                         The SAS System    14:19 Thursday, September 28, 2006   3

                                    The UNIVARIATE Procedure
                                          Variable:  ab

                                    Quantiles (Definition 5)

                                    Quantile        Estimate

                                    5%             -0.000000
                                    1%             -0.000000
                                    0% Min         -9.000000


                                       Extreme Observations

                           --------Lowest-------        ----Highest---

                                  Value      Obs        Value      Obs

                           -9.00000E+00        2           81     3983
                           -1.49877E-14     2988           81     3987
                           -1.19907E-14      684           81     3991
                           -1.14912E-14      776           81     3995
                           -1.12410E-14     3364           81     3999


                                         Frequency Counts

                              Percents                                          Percents
                Value Count  Cell   Cum                           Value Count  Cell   Cum

      -9.00000000E+00     1   0.0   0.0                 -7.30665000E-15     1   0.0   1.5
      -1.49877000E-14     1   0.0   0.1                 -7.24419000E-15     2   0.1   1.5
      -1.19907000E-14     1   0.0   0.1                 -6.99444000E-15     7   0.2   1.7
      -1.14912000E-14     1   0.0   0.1                 -6.86952000E-15     1   0.0   1.7
      -1.12410000E-14     2   0.1   0.2                 -6.83829000E-15     1   0.0   1.7
      -1.09908000E-14     2   0.1   0.2                 -6.74460000E-15     6   0.2   1.9
      -1.04913000E-14     3   0.1   0.3                 -6.65091000E-15     1   0.0   1.9
      -1.02420000E-14     3   0.1   0.4                 -6.57288000E-15     1   0.0   1.9
      -9.99180000E-15     6   0.2   0.5                 -6.55722000E-15     1   0.0   2.0
      -9.92970000E-15     1   0.0   0.5                 -6.49476000E-15     7   0.2   2.1
      -9.74250000E-15     2   0.1   0.6                 -6.36993000E-15     2   0.1   2.2
      -9.49230000E-15     1   0.0   0.6                 -6.33870000E-15     1   0.0   2.2
      -9.24300000E-15     1   0.0   0.6                 -6.24501000E-15     6   0.2   2.4
      -8.99280000E-15     7   0.2   0.8                 -6.12009000E-15     1   0.0   2.4
      -8.86788000E-15     1   0.0   0.8                 -6.10452000E-15     1   0.0   2.4
      -8.49321000E-15     4   0.1   0.9                 -5.99517000E-15    12   0.3   2.7
      -8.24337000E-15     3   0.1   1.0                 -5.87034000E-15     3   0.1   2.8
      -8.05608000E-15     1   0.0   1.0                 -5.80788000E-15     1   0.0   2.8
      -7.99362000E-15     7   0.2   1.2                 -5.74542000E-15     2   0.1   2.9
      -7.86870000E-15     1   0.0   1.2                 -5.62050000E-15     1   0.0   2.9
      -7.74378000E-15     2   0.1   1.3                 -5.55804000E-15     1   0.0   2.9
      -7.49403000E-15     5   0.1   1.4                 -5.51124000E-15     1   0.0   2.9
      -7.36911000E-15     1   0.0   1.4                 -5.49558000E-15    15   0.4   3.3
                                         The SAS System    14:19 Thursday, September 28, 2006   4

                                    The UNIVARIATE Procedure
                                          Variable:  ab

                                         Frequency Counts

                              Percents                                          Percents
                Value Count  Cell   Cum                           Value Count  Cell   Cum

      -5.48001000E-15     1   0.0   3.3                 -2.31066000E-15     2   0.1   9.4
      -5.37066000E-15     1   0.0   3.4                 -2.24820000E-15    10   0.3   9.6
      -5.24583000E-15     2   0.1   3.4                 -2.21697000E-15     1   0.0   9.7
      -5.12091000E-15     2   0.1   3.5                 -2.18574000E-15     1   0.0   9.7
      -4.99599000E-15    29   0.7   4.2                 -2.12328000E-15     2   0.1   9.7
      -4.93353000E-15     1   0.0   4.2                 -2.09988000E-15     1   0.0   9.8
      -4.90230000E-15     2   0.1   4.3                 -2.06082000E-15     1   0.0   9.8
      -4.87107000E-15     1   0.0   4.3                 -1.99836000E-15    34   0.9  10.6
      -4.74624000E-15     4   0.1   4.4                 -1.95156000E-15     1   0.0  10.7
      -4.62132000E-15     1   0.0   4.4                 -1.87353000E-15     2   0.1  10.7
      -4.58226000E-15     1   0.0   4.4                 -1.74861000E-15    15   0.4  11.1
      -4.49640000E-15    20   0.5   4.9                 -1.73295000E-15     1   0.0  11.1
      -4.34025000E-15     1   0.0   5.0                 -1.68615000E-15     3   0.1  11.2
      -4.30902000E-15     1   0.0   5.0                 -1.67058000E-15     1   0.0  11.2
      -4.24656000E-15     8   0.2   5.2                 -1.62369000E-15     5   0.1  11.3
      -4.12173000E-15     1   0.0   5.2                 -1.59246000E-15     1   0.0  11.4
      -3.99681000E-15    33   0.8   6.0                 -1.53000000E-15     1   0.0  11.4
      -3.96558000E-15     1   0.0   6.1                 -1.49877000E-15    24   0.6  12.0
      -3.93435000E-15     1   0.0   6.1                 -1.37394000E-15     2   0.1  12.0
      -3.84462000E-15     1   0.0   6.1                 -1.31148000E-15     1   0.0  12.1
      -3.80943000E-15     1   0.0   6.1                 -1.29582000E-15     1   0.0  12.1
      -3.77820000E-15     1   0.0   6.2                 -1.24902000E-15    11   0.3  12.4
      -3.74697000E-15     7   0.2   6.3                 -1.12410000E-15     1   0.0  12.4
      -3.62214000E-15     3   0.1   6.4                 -1.03041000E-15     1   0.0  12.4
      -3.52845000E-15     1   0.0   6.4                 -9.99180000E-16    38   1.0  13.4
      -3.49722000E-15    19   0.5   6.9                 -9.36720000E-16     2   0.1  13.4
      -3.43476000E-15     1   0.0   6.9                 -8.74305000E-16     5   0.1  13.5
      -3.37230000E-15     4   0.1   7.0                 -7.49403000E-16     9   0.2  13.8
      -3.30984000E-15     2   0.1   7.1                 -6.86952000E-16     1   0.0  13.8
      -3.24738000E-15     8   0.2   7.3                 -6.47919000E-16     1   0.0  13.8
      -3.12246000E-15     5   0.1   7.4                 -6.24501000E-16     3   0.1  13.9
      -3.10689000E-15     1   0.0   7.4                 -5.62050000E-16     1   0.0  13.9
      -2.99763000E-15    26   0.7   8.1                 -5.30829000E-16     1   0.0  13.9
      -2.93517000E-15     1   0.0   8.1                 -4.99599000E-16    25   0.6  14.6
      -2.87271000E-15     2   0.1   8.2                 -4.83984000E-16     1   0.0  14.6
      -2.81025000E-15     1   0.0   8.2                 -3.74697000E-16     1   0.0  14.6
      -2.78685000E-15     1   0.0   8.2                 -3.12246000E-16     2   0.1  14.7
      -2.74779000E-15     7   0.2   8.4                 -2.49804000E-16     6   0.2  14.8
      -2.62287000E-15     3   0.1   8.5                 -1.87353000E-16     1   0.0  14.8
      -2.59164000E-15     1   0.0   8.5                 -1.56123000E-16     1   0.0  14.9
      -2.56041000E-15     1   0.0   8.5                 -1.32705000E-16     1   0.0  14.9
      -2.49804000E-15    29   0.7   9.2                 -1.24902000E-16     4   0.1  15.0
      -2.43558000E-15     1   0.0   9.3                  0.00000000E+00    31   0.8  15.8
      -2.37699000E-15     1   0.0   9.3                  1.24902000E-16     1   0.0  15.8
      -2.37312000E-15     2   0.1   9.3                  1.87353000E-16     2   0.1  15.8
                                         The SAS System    14:19 Thursday, September 28, 2006   5

                                    The UNIVARIATE Procedure
                                          Variable:  ab

                                         Frequency Counts

                              Percents                                          Percents
                Value Count  Cell   Cum                           Value Count  Cell   Cum

       2.49804000E-16     8   0.2  16.0                  3.37230000E-15     2   0.1  21.6
       2.81025000E-16     1   0.0  16.1                  3.48156000E-15     1   0.0  21.6
       3.12246000E-16     1   0.0  16.1                  3.49722000E-15    12   0.3  21.9
       3.74697000E-16     3   0.1  16.2                  3.52845000E-15     1   0.0  22.0
       3.90312000E-16     1   0.0  16.2                  3.68451000E-15     2   0.1  22.0
       4.37148000E-16     1   0.0  16.2                  3.74697000E-15     6   0.2  22.2
       4.68378000E-16     1   0.0  16.2                  3.87189000E-15     1   0.0  22.2
       4.99599000E-16    18   0.5  16.7                  3.99681000E-15    19   0.5  22.7
       5.62050000E-16     1   0.0  16.7                  4.05927000E-15     1   0.0  22.7
       6.24501000E-16     1   0.0  16.7                  4.12173000E-15     1   0.0  22.7
       7.49403000E-16     8   0.2  16.9                  4.24656000E-15     2   0.1  22.8
       8.11854000E-16     3   0.1  17.0                  4.30902000E-15     1   0.0  22.8
       8.74305000E-16     2   0.1  17.1                  4.34025000E-15     1   0.0  22.8
       9.99180000E-16    22   0.6  17.6                  4.49640000E-15     9   0.2  23.0
       1.06164000E-15     1   0.0  17.6                  4.52763000E-15     1   0.0  23.1
       1.12410000E-15     4   0.1  17.7                  4.68378000E-15     1   0.0  23.1
       1.24902000E-15    13   0.3  18.1                  4.71501000E-15     1   0.0  23.1
       1.37394000E-15     2   0.1  18.1                  4.74624000E-15     5   0.1  23.2
       1.40517000E-15     1   0.0  18.1                  4.80861000E-15     1   0.0  23.3
       1.45980000E-15     1   0.0  18.2                  4.87107000E-15     2   0.1  23.3
       1.49877000E-15    24   0.6  18.8                  4.99599000E-15     9   0.2  23.5
       1.60812000E-15     1   0.0  18.8                  5.11506000E-15     1   0.0  23.6
       1.62369000E-15     3   0.1  18.9                  5.12091000E-15     2   0.1  23.6
       1.71738000E-15     1   0.0  18.9                  5.24583000E-15     4   0.1  23.7
       1.74861000E-15     7   0.2  19.1                  5.37066000E-15     1   0.0  23.7
       1.82664000E-15     1   0.0  19.1                  5.49558000E-15     7   0.2  23.9
       1.87353000E-15     4   0.1  19.2                  5.55804000E-15     1   0.0  23.9
       1.99836000E-15    23   0.6  19.8                  5.74542000E-15     3   0.1  24.0
       2.02959000E-15     1   0.0  19.8                  5.99517000E-15     6   0.2  24.2
       2.06082000E-15     2   0.1  19.8                  6.08886000E-15     1   0.0  24.2
       2.12328000E-15     2   0.1  19.9                  6.12009000E-15     1   0.0  24.2
       2.23263000E-15     1   0.0  19.9                  6.13575000E-15     1   0.0  24.2
       2.24820000E-15    14   0.4  20.3                  6.36993000E-15     1   0.0  24.3
       2.37312000E-15     1   0.0  20.3                  6.49476000E-15     1   0.0  24.3
       2.49804000E-15    19   0.5  20.8                  6.69780000E-15     1   0.0  24.3
       2.56041000E-15     2   0.1  20.8                  6.74460000E-15     4   0.1  24.4
       2.62287000E-15     2   0.1  20.9                  6.99444000E-15     4   0.1  24.5
       2.70099000E-15     1   0.0  20.9                  7.11927000E-15     2   0.1  24.6
       2.74779000E-15     9   0.2  21.1                  7.24419000E-15     2   0.1  24.6
       2.87271000E-15     1   0.0  21.1                  7.36911000E-15     1   0.0  24.6
       2.89413000E-15     1   0.0  21.2                  7.49403000E-15     3   0.1  24.7
       2.99763000E-15     9   0.2  21.4                  7.74378000E-15     1   0.0  24.7
       3.15369000E-15     1   0.0  21.4                  7.99362000E-15     4   0.1  24.8
       3.24738000E-15     5   0.1  21.5                  8.07948000E-15     1   0.0  24.9
       3.30984000E-15     1   0.0  21.6                  8.74305000E-15     1   0.0  24.9
                                         The SAS System    14:19 Thursday, September 28, 2006   6

                                    The UNIVARIATE Procedure
                                          Variable:  ab

                                         Frequency Counts

                              Percents                                          Percents
                Value Count  Cell   Cum                           Value Count  Cell   Cum

       8.99280000E-15     1   0.0  24.9                  1.05940523E-02     1   0.0  26.1
       9.99180000E-15     3   0.1  25.0                  1.06148552E-02     1   0.0  26.1
       1.02420000E-14     2   0.1  25.0                  1.06280173E-02     1   0.0  26.2
       1.21464000E-14     1   0.0  25.1                  1.06498360E-02     1   0.0  26.2
       7.68996175E-03     1   0.0  25.1                  1.06509451E-02     1   0.0  26.2
       7.93331279E-03     1   0.0  25.1                  1.07251646E-02     1   0.0  26.2
       8.27653222E-03     1   0.0  25.1                  1.07433772E-02     1   0.0  26.3
       8.64428525E-03     1   0.0  25.2                  1.07790183E-02     1   0.0  26.3
       8.64444103E-03     1   0.0  25.2                  1.08149038E-02     1   0.0  26.3
       8.66661484E-03     1   0.0  25.2                  1.08313779E-02     1   0.0  26.3
       8.70266524E-03     1   0.0  25.2                  1.08598222E-02     1   0.0  26.4
       8.77638186E-03     1   0.0  25.3                  1.08640973E-02     1   0.0  26.4
       8.85845509E-03     1   0.0  25.3                  1.08948501E-02     1   0.0  26.4
       9.06903994E-03     1   0.0  25.3                  1.09010477E-02     1   0.0  26.4
       9.28236374E-03     1   0.0  25.3                  1.09149645E-02     1   0.0  26.5
       9.29293112E-03     1   0.0  25.4                  1.09494442E-02     1   0.0  26.5
       9.34318090E-03     1   0.0  25.4                  1.09500519E-02     1   0.0  26.5
       9.36912326E-03     1   0.0  25.4                  1.09565879E-02     1   0.0  26.5
       9.37879689E-03     1   0.0  25.4                  1.09661505E-02     1   0.0  26.6
       9.43056213E-03     1   0.0  25.5                  1.10029937E-02     1   0.0  26.6
       9.50316173E-03     1   0.0  25.5                  1.10212597E-02     1   0.0  26.6
       9.52619333E-03     1   0.0  25.5                  1.10360035E-02     1   0.0  26.6
       9.53796204E-03     1   0.0  25.5                  1.10414253E-02     1   0.0  26.7
       9.55346535E-03     1   0.0  25.6                  1.10453579E-02     1   0.0  26.7
       9.57672606E-03     1   0.0  25.6                  1.10507826E-02     1   0.0  26.7
       9.59660548E-03     1   0.0  25.6                  1.10805016E-02     1   0.0  26.7
       9.69471957E-03     1   0.0  25.6                  1.11111902E-02     1   0.0  26.8
       9.79240626E-03     1   0.0  25.7                  1.11117242E-02     1   0.0  26.8
       9.92651601E-03     1   0.0  25.7                  1.11175988E-02     1   0.0  26.8
       9.95844508E-03     1   0.0  25.7                  1.11292153E-02     1   0.0  26.8
       1.00066571E-02     1   0.0  25.7                  1.11463596E-02     1   0.0  26.9
       1.00093575E-02     1   0.0  25.8                  1.11546836E-02     1   0.0  26.9
       1.00485171E-02     1   0.0  25.8                  1.11699365E-02     1   0.0  26.9
       1.01194923E-02     1   0.0  25.8                  1.11725303E-02     1   0.0  26.9
       1.01242846E-02     1   0.0  25.8                  1.11890662E-02     1   0.0  27.0
       1.01705774E-02     1   0.0  25.9                  1.11900511E-02     1   0.0  27.0
       1.02283755E-02     1   0.0  25.9                  1.12003628E-02     1   0.0  27.0
       1.02539421E-02     1   0.0  25.9                  1.12036197E-02     1   0.0  27.0
       1.03081281E-02     1   0.0  25.9                  1.12169336E-02     1   0.0  27.1
       1.03784090E-02     1   0.0  26.0                  1.12170610E-02     1   0.0  27.1
       1.03825105E-02     1   0.0  26.0                  1.12298406E-02     1   0.0  27.1
       1.04198858E-02     1   0.0  26.0                  1.12740087E-02     1   0.0  27.1
       1.04589590E-02     1   0.0  26.0                  1.12941628E-02     1   0.0  27.2
       1.04972327E-02     1   0.0  26.1                  1.13092672E-02     1   0.0  27.2
       1.05695604E-02     1   0.0  26.1                  1.13124859E-02     1   0.0  27.2
                                         The SAS System    14:19 Thursday, September 28, 2006   7

                                    The UNIVARIATE Procedure
                                          Variable:  ab

                                         Frequency Counts

                              Percents                                          Percents
                Value Count  Cell   Cum                           Value Count  Cell   Cum

       1.13131551E-02     1   0.0  27.2                  1.18297190E-02     1   0.0  28.4
       1.13290190E-02     1   0.0  27.3                  1.18356355E-02     1   0.0  28.4
       1.13296895E-02     1   0.0  27.3                  1.18394247E-02     1   0.0  28.4
       1.13579929E-02     1   0.0  27.3                  1.18445891E-02     1   0.0  28.4
       1.13698229E-02     1   0.0  27.3                  1.18510197E-02     1   0.0  28.5
       1.13834085E-02     1   0.0  27.4                  1.19152322E-02     1   0.0  28.5
       1.14030736E-02     1   0.0  27.4                  1.19190608E-02     1   0.0  28.5
       1.14098102E-02     1   0.0  27.4                  1.19314892E-02     1   0.0  28.5
       1.14161246E-02     1   0.0  27.4                  1.19354863E-02     1   0.0  28.6
       1.14340848E-02     1   0.0  27.5                  1.19550916E-02     1   0.0  28.6
       1.14364415E-02     1   0.0  27.5                  1.19559232E-02     1   0.0  28.6
       1.14427207E-02     1   0.0  27.5                  1.19716941E-02     1   0.0  28.6
       1.14457894E-02     1   0.0  27.5                  1.19822185E-02     1   0.0  28.7
       1.14577181E-02     1   0.0  27.6                  1.19858637E-02     1   0.0  28.7
       1.14716934E-02     1   0.0  27.6                  1.19894299E-02     1   0.0  28.7
       1.14792790E-02     1   0.0  27.6                  1.20082561E-02     1   0.0  28.7
       1.14879293E-02     1   0.0  27.6                  1.20287973E-02     1   0.0  28.8
       1.14955719E-02     1   0.0  27.7                  1.20369930E-02     1   0.0  28.8
       1.15251333E-02     1   0.0  27.7                  1.20408476E-02     1   0.0  28.8
       1.15314478E-02     1   0.0  27.7                  1.20769348E-02     1   0.0  28.8
       1.15384574E-02     1   0.0  27.7                  1.20879122E-02     1   0.0  28.9
       1.15629848E-02     1   0.0  27.8                  1.20896687E-02     1   0.0  28.9
       1.15662915E-02     1   0.0  27.8                  1.20956446E-02     1   0.0  28.9
       1.15806823E-02     1   0.0  27.8                  1.20973928E-02     1   0.0  28.9
       1.15946633E-02     1   0.0  27.8                  1.21010533E-02     1   0.0  29.0
       1.16416081E-02     1   0.0  27.9                  1.21064559E-02     1   0.0  29.0
       1.16611353E-02     1   0.0  27.9                  1.21214429E-02     1   0.0  29.0
       1.16666136E-02     1   0.0  27.9                  1.21219354E-02     1   0.0  29.0
       1.16812562E-02     1   0.0  27.9                  1.21223284E-02     1   0.0  29.1
       1.16826353E-02     1   0.0  28.0                  1.21320845E-02     1   0.0  29.1
       1.16826429E-02     1   0.0  28.0                  1.21328200E-02     1   0.0  29.1
       1.16986831E-02     1   0.0  28.0                  1.21387267E-02     1   0.0  29.1
       1.17012275E-02     1   0.0  28.0                  1.21501157E-02     1   0.0  29.2
       1.17020889E-02     1   0.0  28.1                  1.21509926E-02     1   0.0  29.2
       1.17034533E-02     1   0.0  28.1                  1.21606964E-02     1   0.0  29.2
       1.17318370E-02     1   0.0  28.1                  1.21846727E-02     1   0.0  29.2
       1.17596862E-02     1   0.0  28.1                  1.21949751E-02     1   0.0  29.3
       1.17633913E-02     1   0.0  28.2                  1.21962047E-02     1   0.0  29.3
       1.17668504E-02     1   0.0  28.2                  1.22277806E-02     1   0.0  29.3
       1.17671851E-02     1   0.0  28.2                  1.22292930E-02     1   0.0  29.3
       1.17699719E-02     1   0.0  28.2                  1.22501466E-02     1   0.0  29.4
       1.17847651E-02     1   0.0  28.3                  1.22546434E-02     1   0.0  29.4
       1.17970537E-02     1   0.0  28.3                  1.22778670E-02     1   0.0  29.4
       1.17985139E-02     1   0.0  28.3                  1.22822045E-02     1   0.0  29.4
       1.18164769E-02     1   0.0  28.3                  1.23010950E-02     1   0.0  29.5
                                         The SAS System    14:19 Thursday, September 28, 2006   8

                                    The UNIVARIATE Procedure
                                          Variable:  ab

                                         Frequency Counts

                              Percents                                          Percents
                Value Count  Cell   Cum                           Value Count  Cell   Cum

       1.23063096E-02     1   0.0  29.5                  1.27766240E-02     1   0.0  30.6
       1.23377772E-02     1   0.0  29.5                  1.27796912E-02     1   0.0  30.6
       1.23854188E-02     1   0.0  29.5                  1.27853932E-02     1   0.0  30.7
       1.23926275E-02     1   0.0  29.6                  1.27894736E-02     1   0.0  30.7
       1.24018411E-02     1   0.0  29.6                  1.28080108E-02     1   0.0  30.7
       1.24276830E-02     1   0.0  29.6                  1.28156759E-02     1   0.0  30.7
       1.24316663E-02     1   0.0  29.6                  1.28247202E-02     1   0.0  30.8
       1.24377713E-02     1   0.0  29.7                  1.28336611E-02     1   0.0  30.8
       1.24605712E-02     1   0.0  29.7                  1.28360698E-02     1   0.0  30.8
       1.24636428E-02     1   0.0  29.7                  1.28365152E-02     1   0.0  30.8
       1.24691918E-02     1   0.0  29.7                  1.28640850E-02     1   0.0  30.9
       1.24736611E-02     1   0.0  29.8                  1.28641438E-02     1   0.0  30.9
       1.24751975E-02     1   0.0  29.8                  1.28719269E-02     1   0.0  30.9
       1.24954597E-02     1   0.0  29.8                  1.28734507E-02     1   0.0  30.9
       1.24954731E-02     1   0.0  29.8                  1.28802408E-02     1   0.0  31.0
       1.25146704E-02     1   0.0  29.9                  1.28857728E-02     1   0.0  31.0
       1.25363576E-02     1   0.0  29.9                  1.28897148E-02     1   0.0  31.0
       1.25451237E-02     1   0.0  29.9                  1.29036369E-02     1   0.0  31.0
       1.25453596E-02     1   0.0  29.9                  1.29098966E-02     1   0.0  31.1
       1.25479034E-02     1   0.0  30.0                  1.29240936E-02     1   0.0  31.1
       1.25499085E-02     1   0.0  30.0                  1.29280697E-02     1   0.0  31.1
       1.25690799E-02     1   0.0  30.0                  1.29301365E-02     1   0.0  31.1
       1.25741929E-02     1   0.0  30.0                  1.29416767E-02     1   0.0  31.2
       1.25799588E-02     1   0.0  30.1                  1.29467766E-02     1   0.0  31.2
       1.25817039E-02     1   0.0  30.1                  1.29626337E-02     1   0.0  31.2
       1.25980528E-02     1   0.0  30.1                  1.29705449E-02     1   0.0  31.2
       1.26340709E-02     1   0.0  30.1                  1.29910343E-02     1   0.0  31.3
       1.26703588E-02     1   0.0  30.2                  1.29929049E-02     1   0.0  31.3
       1.26707450E-02     1   0.0  30.2                  1.30087982E-02     1   0.0  31.3
       1.27012234E-02     1   0.0  30.2                  1.30270399E-02     1   0.0  31.3
       1.27020182E-02     1   0.0  30.2                  1.30324976E-02     1   0.0  31.4
       1.27120312E-02     1   0.0  30.3                  1.30366818E-02     1   0.0  31.4
       1.27131678E-02     1   0.0  30.3                  1.30440340E-02     1   0.0  31.4
       1.27134503E-02     1   0.0  30.3                  1.30441310E-02     1   0.0  31.4
       1.27137198E-02     1   0.0  30.3                  1.30447376E-02     1   0.0  31.5
       1.27166375E-02     1   0.0  30.4                  1.30683283E-02     1   0.0  31.5
       1.27208052E-02     1   0.0  30.4                  1.30697663E-02     1   0.0  31.5
       1.27338636E-02     1   0.0  30.4                  1.30734017E-02     1   0.0  31.5
       1.27350341E-02     1   0.0  30.4                  1.30958566E-02     1   0.0  31.6
       1.27414290E-02     1   0.0  30.5                  1.30965878E-02     1   0.0  31.6
       1.27576993E-02     1   0.0  30.5                  1.31131200E-02     1   0.0  31.6
       1.27635450E-02     1   0.0  30.5                  1.31213613E-02     1   0.0  31.6
       1.27639460E-02     1   0.0  30.5                  1.31214289E-02     1   0.0  31.7
       1.27731865E-02     1   0.0  30.6                  1.31293001E-02     1   0.0  31.7
       1.27752185E-02     1   0.0  30.6                  1.31322947E-02     1   0.0  31.7
                                         The SAS System    14:19 Thursday, September 28, 2006   9

                                    The UNIVARIATE Procedure
                                          Variable:  ab

                                         Frequency Counts

                              Percents                                          Percents
                Value Count  Cell   Cum                           Value Count  Cell   Cum

       1.31437475E-02     1   0.0  31.7                  1.35767688E-02     1   0.0  32.9
       1.31447249E-02     1   0.0  31.8                  1.35770668E-02     1   0.0  32.9
       1.31677414E-02     1   0.0  31.8                  1.35952512E-02     1   0.0  32.9
       1.32002090E-02     1   0.0  31.8                  1.36027764E-02     1   0.0  32.9
       1.32125791E-02     1   0.0  31.8                  1.36034170E-02     1   0.0  33.0
       1.32144023E-02     1   0.0  31.9                  1.36113767E-02     1   0.0  33.0
       1.32212852E-02     1   0.0  31.9                  1.36125950E-02     1   0.0  33.0
       1.32217082E-02     1   0.0  31.9                  1.36140190E-02     1   0.0  33.0
       1.32219850E-02     1   0.0  31.9                  1.36186295E-02     1   0.0  33.1
       1.32230167E-02     1   0.0  32.0                  1.36365881E-02     1   0.0  33.1
       1.32262042E-02     1   0.0  32.0                  1.36388037E-02     1   0.0  33.1
       1.32303418E-02     1   0.0  32.0                  1.36407062E-02     1   0.0  33.1
       1.32322507E-02     1   0.0  32.0                  1.36445631E-02     1   0.0  33.2
       1.32378710E-02     1   0.0  32.1                  1.36478152E-02     1   0.0  33.2
       1.32577262E-02     1   0.0  32.1                  1.36514039E-02     1   0.0  33.2
       1.32584596E-02     1   0.0  32.1                  1.36877657E-02     1   0.0  33.2
       1.32658388E-02     1   0.0  32.1                  1.36907490E-02     1   0.0  33.3
       1.32665150E-02     1   0.0  32.2                  1.36980763E-02     1   0.0  33.3
       1.32848431E-02     1   0.0  32.2                  1.37001400E-02     1   0.0  33.3
       1.32898616E-02     1   0.0  32.2                  1.37041562E-02     1   0.0  33.3
       1.32967018E-02     1   0.0  32.2                  1.37061495E-02     1   0.0  33.4
       1.32984542E-02     1   0.0  32.3                  1.37100027E-02     1   0.0  33.4
       1.33207399E-02     1   0.0  32.3                  1.37174860E-02     1   0.0  33.4
       1.33451742E-02     1   0.0  32.3                  1.37442562E-02     1   0.0  33.4
       1.33547190E-02     1   0.0  32.3                  1.37680356E-02     1   0.0  33.5
       1.33624539E-02     1   0.0  32.4                  1.37854055E-02     1   0.0  33.5
       1.33655543E-02     1   0.0  32.4                  1.37930954E-02     1   0.0  33.5
       1.33781509E-02     1   0.0  32.4                  1.38051873E-02     1   0.0  33.5
       1.33925352E-02     1   0.0  32.4                  1.38413032E-02     1   0.0  33.6
       1.34103125E-02     1   0.0  32.5                  1.38428950E-02     1   0.0  33.6
       1.34261018E-02     1   0.0  32.5                  1.38755946E-02     1   0.0  33.6
       1.34324761E-02     1   0.0  32.5                  1.38873593E-02     1   0.0  33.6
       1.34366507E-02     1   0.0  32.5                  1.38885299E-02     1   0.0  33.7
       1.34527577E-02     1   0.0  32.6                  1.38970415E-02     1   0.0  33.7
       1.34699998E-02     1   0.0  32.6                  1.39027510E-02     1   0.0  33.7
       1.34749175E-02     1   0.0  32.6                  1.39088395E-02     1   0.0  33.7
       1.34806963E-02     1   0.0  32.6                  1.39219557E-02     1   0.0  33.8
       1.34992175E-02     1   0.0  32.7                  1.39338503E-02     1   0.0  33.8
       1.35257666E-02     1   0.0  32.7                  1.39611333E-02     1   0.0  33.8
       1.35320895E-02     1   0.0  32.7                  1.39722104E-02     1   0.0  33.8
       1.35387220E-02     1   0.0  32.7                  1.39862471E-02     1   0.0  33.9
       1.35409615E-02     1   0.0  32.8                  1.40060597E-02     1   0.0  33.9
       1.35485254E-02     1   0.0  32.8                  1.40176998E-02     1   0.0  33.9
       1.35497246E-02     1   0.0  32.8                  1.40283118E-02     1   0.0  33.9
       1.35571993E-02     1   0.0  32.8                  1.40317200E-02     1   0.0  34.0
                                         The SAS System    14:19 Thursday, September 28, 2006  10

                                    The UNIVARIATE Procedure
                                          Variable:  ab

                                         Frequency Counts

                              Percents                                          Percents
                Value Count  Cell   Cum                           Value Count  Cell   Cum

       1.40335860E-02     1   0.0  34.0                  1.44432763E-02     1   0.0  35.1
       1.40508000E-02     1   0.0  34.0                  1.44454477E-02     1   0.0  35.1
       1.40629647E-02     1   0.0  34.0                  1.44475756E-02     1   0.0  35.2
       1.40629737E-02     1   0.0  34.1                  1.44490199E-02     1   0.0  35.2
       1.40662196E-02     1   0.0  34.1                  1.44548153E-02     1   0.0  35.2
       1.40675374E-02     1   0.0  34.1                  1.44561322E-02     1   0.0  35.2
       1.40868908E-02     1   0.0  34.1                  1.44565023E-02     1   0.0  35.3
       1.40880301E-02     1   0.0  34.2                  1.44590335E-02     1   0.0  35.3
       1.40975552E-02     1   0.0  34.2                  1.44634665E-02     1   0.0  35.3
       1.41008231E-02     1   0.0  34.2                  1.44844570E-02     1   0.0  35.3
       1.41019444E-02     1   0.0  34.2                  1.44874602E-02     1   0.0  35.4
       1.41181920E-02     1   0.0  34.3                  1.45049650E-02     1   0.0  35.4
       1.41485489E-02     1   0.0  34.3                  1.45248017E-02     1   0.0  35.4
       1.41625443E-02     1   0.0  34.3                  1.45316280E-02     1   0.0  35.4
       1.41634755E-02     1   0.0  34.3                  1.45378760E-02     1   0.0  35.5
       1.41770797E-02     1   0.0  34.4                  1.45402005E-02     1   0.0  35.5
       1.42127163E-02     1   0.0  34.4                  1.45416237E-02     1   0.0  35.5
       1.42132885E-02     1   0.0  34.4                  1.45519932E-02     1   0.0  35.5
       1.42177736E-02     1   0.0  34.4                  1.45563891E-02     1   0.0  35.6
       1.42448072E-02     1   0.0  34.5                  1.45680278E-02     1   0.0  35.6
       1.42583034E-02     1   0.0  34.5                  1.45690152E-02     1   0.0  35.6
       1.42609225E-02     1   0.0  34.5                  1.45746709E-02     1   0.0  35.6
       1.42621839E-02     1   0.0  34.5                  1.45758769E-02     1   0.0  35.7
       1.42703771E-02     1   0.0  34.6                  1.45765991E-02     1   0.0  35.7
       1.43063662E-02     1   0.0  34.6                  1.45952927E-02     1   0.0  35.7
       1.43121753E-02     1   0.0  34.6                  1.45953794E-02     1   0.0  35.7
       1.43225226E-02     1   0.0  34.6                  1.46026938E-02     1   0.0  35.8
       1.43347090E-02     1   0.0  34.7                  1.46053685E-02     1   0.0  35.8
       1.43411543E-02     1   0.0  34.7                  1.46101863E-02     1   0.0  35.8
       1.43430751E-02     1   0.0  34.7                  1.46102672E-02     1   0.0  35.8
       1.43542883E-02     1   0.0  34.7                  1.46195603E-02     1   0.0  35.9
       1.43563416E-02     1   0.0  34.8                  1.46288055E-02     1   0.0  35.9
       1.43621016E-02     1   0.0  34.8                  1.46324487E-02     1   0.0  35.9
       1.43647247E-02     1   0.0  34.8                  1.46665128E-02     1   0.0  35.9
       1.43674095E-02     1   0.0  34.8                  1.46698136E-02     1   0.0  36.0
       1.43716279E-02     1   0.0  34.9                  1.46836400E-02     1   0.0  36.0
       1.43799207E-02     1   0.0  34.9                  1.46927203E-02     1   0.0  36.0
       1.43819367E-02     1   0.0  34.9                  1.46975809E-02     1   0.0  36.0
       1.43840401E-02     1   0.0  34.9                  1.47155095E-02     1   0.0  36.1
       1.43972527E-02     1   0.0  35.0                  1.47334007E-02     1   0.0  36.1
       1.44055132E-02     1   0.0  35.0                  1.47469519E-02     1   0.0  36.1
       1.44105882E-02     1   0.0  35.0                  1.47562108E-02     1   0.0  36.1
       1.44188097E-02     1   0.0  35.0                  1.47595095E-02     1   0.0  36.2
       1.44255565E-02     1   0.0  35.1                  1.47763271E-02     1   0.0  36.2
       1.44288264E-02     1   0.0  35.1                  1.47972407E-02     1   0.0  36.2
                                         The SAS System    14:19 Thursday, September 28, 2006  11

                                    The UNIVARIATE Procedure
                                          Variable:  ab

                                         Frequency Counts

                              Percents                                          Percents
                Value Count  Cell   Cum                           Value Count  Cell   Cum

       1.48039052E-02     1   0.0  36.2                  1.51805908E-02     1   0.0  37.4
       1.48092258E-02     1   0.0  36.3                  1.51829704E-02     1   0.0  37.4
       1.48227358E-02     1   0.0  36.3                  1.52012402E-02     1   0.0  37.4
       1.48233699E-02     1   0.0  36.3                  1.52094478E-02     1   0.0  37.4
       1.48241958E-02     1   0.0  36.3                  1.52174013E-02     1   0.0  37.5
       1.48317439E-02     1   0.0  36.4                  1.52179213E-02     1   0.0  37.5
       1.48370730E-02     1   0.0  36.4                  1.52315668E-02     1   0.0  37.5
       1.48387869E-02     1   0.0  36.4                  1.52433554E-02     1   0.0  37.5
       1.48426549E-02     1   0.0  36.4                  1.52510342E-02     1   0.0  37.6
       1.48479183E-02     1   0.0  36.5                  1.52579937E-02     1   0.0  37.6
       1.48483006E-02     1   0.0  36.5                  1.52796566E-02     1   0.0  37.6
       1.48519076E-02     1   0.0  36.5                  1.52923474E-02     1   0.0  37.6
       1.48591197E-02     1   0.0  36.5                  1.53030928E-02     1   0.0  37.7
       1.48639995E-02     1   0.0  36.6                  1.53071486E-02     1   0.0  37.7
       1.48766119E-02     1   0.0  36.6                  1.53308226E-02     1   0.0  37.7
       1.48774386E-02     1   0.0  36.6                  1.53383791E-02     1   0.0  37.7
       1.48999494E-02     1   0.0  36.6                  1.53473035E-02     1   0.0  37.8
       1.49003984E-02     1   0.0  36.7                  1.53588113E-02     1   0.0  37.8
       1.49085964E-02     1   0.0  36.7                  1.53618849E-02     1   0.0  37.8
       1.49459125E-02     1   0.0  36.7                  1.53812969E-02     1   0.0  37.8
       1.49461811E-02     1   0.0  36.7                  1.53837914E-02     1   0.0  37.9
       1.49533752E-02     1   0.0  36.8                  1.54026676E-02     1   0.0  37.9
       1.49694029E-02     1   0.0  36.8                  1.54096416E-02     1   0.0  37.9
       1.49721209E-02     1   0.0  36.8                  1.54119422E-02     1   0.0  37.9
       1.49862822E-02     1   0.0  36.8                  1.54271829E-02     1   0.0  38.0
       1.49898753E-02     1   0.0  36.9                  1.54548065E-02     1   0.0  38.0
       1.49933852E-02     1   0.0  36.9                  1.54582807E-02     1   0.0  38.0
       1.49945553E-02     1   0.0  36.9                  1.54832270E-02     1   0.0  38.0
       1.49982380E-02     1   0.0  36.9                  1.55066826E-02     1   0.0  38.1
       1.49997598E-02     1   0.0  37.0                  1.55139699E-02     1   0.0  38.1
       1.50050106E-02     1   0.0  37.0                  1.55245710E-02     1   0.0  38.1
       1.50176906E-02     1   0.0  37.0                  1.55416967E-02     1   0.0  38.1
       1.50436431E-02     1   0.0  37.0                  1.55506161E-02     1   0.0  38.2
       1.50571985E-02     1   0.0  37.1                  1.55597356E-02     1   0.0  38.2
       1.50641477E-02     1   0.0  37.1                  1.55660969E-02     1   0.0  38.2
       1.50834689E-02     1   0.0  37.1                  1.55784068E-02     1   0.0  38.2
       1.50955497E-02     1   0.0  37.1                  1.55902820E-02     1   0.0  38.3
       1.50998081E-02     1   0.0  37.2                  1.55983462E-02     1   0.0  38.3
       1.51430647E-02     1   0.0  37.2                  1.56217192E-02     1   0.0  38.3
       1.51440772E-02     1   0.0  37.2                  1.56304176E-02     1   0.0  38.3
       1.51485561E-02     1   0.0  37.2                  1.56374203E-02     1   0.0  38.4
       1.51561528E-02     1   0.0  37.3                  1.56374449E-02     1   0.0  38.4
       1.51571648E-02     1   0.0  37.3                  1.56559401E-02     1   0.0  38.4
       1.51592422E-02     1   0.0  37.3                  1.56570372E-02     1   0.0  38.4
       1.51705683E-02     1   0.0  37.3                  1.56812444E-02     1   0.0  38.5
                                         The SAS System    14:19 Thursday, September 28, 2006  12

                                    The UNIVARIATE Procedure
                                          Variable:  ab

                                         Frequency Counts

                              Percents                                          Percents
                Value Count  Cell   Cum                           Value Count  Cell   Cum

       1.56900447E-02     1   0.0  38.5                  1.61420714E-02     1   0.0  39.6
       1.56942306E-02     1   0.0  38.5                  1.61458199E-02     1   0.0  39.6
       1.56948433E-02     1   0.0  38.5                  1.61550937E-02     1   0.0  39.7
       1.57353000E-02     1   0.0  38.6                  1.61620434E-02     1   0.0  39.7
       1.57441491E-02     1   0.0  38.6                  1.61738577E-02     1   0.0  39.7
       1.57787676E-02     1   0.0  38.6                  1.61918893E-02     1   0.0  39.7
       1.57864976E-02     1   0.0  38.6                  1.61922946E-02     1   0.0  39.8
       1.58073626E-02     1   0.0  38.7                  1.61936454E-02     1   0.0  39.8
       1.58085798E-02     1   0.0  38.7                  1.62057727E-02     1   0.0  39.8
       1.58250427E-02     1   0.0  38.7                  1.62075011E-02     1   0.0  39.8
       1.58304557E-02     1   0.0  38.7                  1.62109397E-02     1   0.0  39.9
       1.58403906E-02     1   0.0  38.8                  1.62163228E-02     1   0.0  39.9
       1.58408407E-02     1   0.0  38.8                  1.62216213E-02     1   0.0  39.9
       1.58634414E-02     1   0.0  38.8                  1.62266719E-02     1   0.0  39.9
       1.58644032E-02     1   0.0  38.8                  1.62276561E-02     1   0.0  40.0
       1.58712252E-02     1   0.0  38.9                  1.62556537E-02     1   0.0  40.0
       1.58848779E-02     1   0.0  38.9                  1.62583720E-02     1   0.0  40.0
       1.58936930E-02     1   0.0  38.9                  1.62601659E-02     1   0.0  40.0
       1.59013480E-02     1   0.0  38.9                  1.62653799E-02     1   0.0  40.1
       1.59037156E-02     1   0.0  39.0                  1.62664051E-02     1   0.0  40.1
       1.59514320E-02     1   0.0  39.0                  1.62705940E-02     1   0.0  40.1
       1.59564626E-02     1   0.0  39.0                  1.62870733E-02     1   0.0  40.1
       1.59727006E-02     1   0.0  39.0                  1.62943897E-02     1   0.0  40.2
       1.59729945E-02     1   0.0  39.1                  1.63012208E-02     1   0.0  40.2
       1.59811741E-02     1   0.0  39.1                  1.63049220E-02     1   0.0  40.2
       1.59819174E-02     1   0.0  39.1                  1.63099617E-02     1   0.0  40.2
       1.59899922E-02     1   0.0  39.1                  1.63245899E-02     1   0.0  40.3
       1.60153841E-02     1   0.0  39.2                  1.63281664E-02     1   0.0  40.3
       1.60169315E-02     1   0.0  39.2                  1.63293543E-02     1   0.0  40.3
       1.60239809E-02     1   0.0  39.2                  1.63544920E-02     1   0.0  40.3
       1.60249474E-02     1   0.0  39.2                  1.63560642E-02     1   0.0  40.4
       1.60541998E-02     1   0.0  39.3                  1.63603512E-02     1   0.0  40.4
       1.60563887E-02     1   0.0  39.3                  1.63761268E-02     1   0.0  40.4
       1.60616224E-02     1   0.0  39.3                  1.63814817E-02     1   0.0  40.4
       1.60735329E-02     1   0.0  39.3                  1.63828844E-02     1   0.0  40.5
       1.60748709E-02     1   0.0  39.4                  1.63868911E-02     1   0.0  40.5
       1.60792988E-02     1   0.0  39.4                  1.64028604E-02     1   0.0  40.5
       1.60808372E-02     1   0.0  39.4                  1.64067887E-02     1   0.0  40.5
       1.60927414E-02     1   0.0  39.4                  1.64092630E-02     1   0.0  40.6
       1.60933241E-02     1   0.0  39.5                  1.64326160E-02     1   0.0  40.6
       1.61136912E-02     1   0.0  39.5                  1.64470536E-02     1   0.0  40.6
       1.61204448E-02     1   0.0  39.5                  1.64589440E-02     1   0.0  40.6
       1.61266041E-02     1   0.0  39.5                  1.64641519E-02     1   0.0  40.7
       1.61324089E-02     1   0.0  39.6                  1.64707239E-02     1   0.0  40.7
       1.61409702E-02     1   0.0  39.6                  1.65141583E-02     1   0.0  40.7
                                         The SAS System    14:19 Thursday, September 28, 2006  13

                                    The UNIVARIATE Procedure
                                          Variable:  ab

                                         Frequency Counts

                              Percents                                          Percents
                Value Count  Cell   Cum                           Value Count  Cell   Cum

       1.65175897E-02     1   0.0  40.7                  1.69930286E-02     1   0.0  41.9
       1.65339744E-02     1   0.0  40.8                  1.69935443E-02     1   0.0  41.9
       1.65500875E-02     1   0.0  40.8                  1.69977902E-02     1   0.0  41.9
       1.65527807E-02     1   0.0  40.8                  1.70208212E-02     1   0.0  41.9
       1.65816874E-02     1   0.0  40.8                  1.70252932E-02     1   0.0  42.0
       1.65843450E-02     1   0.0  40.9                  1.70280219E-02     1   0.0  42.0
       1.65886155E-02     1   0.0  40.9                  1.70328374E-02     1   0.0  42.0
       1.65893110E-02     1   0.0  40.9                  1.70344689E-02     1   0.0  42.0
       1.65904721E-02     1   0.0  40.9                  1.70513034E-02     1   0.0  42.1
       1.65950801E-02     1   0.0  41.0                  1.70537498E-02     1   0.0  42.1
       1.66027202E-02     1   0.0  41.0                  1.70567467E-02     1   0.0  42.1
       1.66114646E-02     1   0.0  41.0                  1.70612172E-02     1   0.0  42.1
       1.66335337E-02     1   0.0  41.0                  1.70641777E-02     1   0.0  42.2
       1.66568415E-02     1   0.0  41.1                  1.70666858E-02     1   0.0  42.2
       1.66579529E-02     1   0.0  41.1                  1.70678476E-02     1   0.0  42.2
       1.66654271E-02     1   0.0  41.1                  1.70729811E-02     1   0.0  42.2
       1.66898278E-02     1   0.0  41.1                  1.70865204E-02     1   0.0  42.3
       1.66910270E-02     1   0.0  41.2                  1.71014246E-02     1   0.0  42.3
       1.67177032E-02     1   0.0  41.2                  1.71101112E-02     1   0.0  42.3
       1.67395106E-02     1   0.0  41.2                  1.71294617E-02     1   0.0  42.3
       1.68205103E-02     1   0.0  41.2                  1.71589698E-02     1   0.0  42.4
       1.68314956E-02     1   0.0  41.3                  1.71794641E-02     1   0.0  42.4
       1.68325130E-02     1   0.0  41.3                  1.71887832E-02     1   0.0  42.4
       1.68362666E-02     1   0.0  41.3                  1.72025346E-02     1   0.0  42.4
       1.68429317E-02     1   0.0  41.3                  1.72511130E-02     1   0.0  42.5
       1.68545266E-02     1   0.0  41.4                  1.72589786E-02     1   0.0  42.5
       1.68571166E-02     1   0.0  41.4                  1.72605271E-02     1   0.0  42.5
       1.68607706E-02     1   0.0  41.4                  1.72630172E-02     1   0.0  42.5
       1.68706557E-02     1   0.0  41.4                  1.72727244E-02     1   0.0  42.6
       1.68760543E-02     1   0.0  41.5                  1.72894745E-02     1   0.0  42.6
       1.68927313E-02     1   0.0  41.5                  1.72902655E-02     1   0.0  42.6
       1.68935397E-02     1   0.0  41.5                  1.72962840E-02     1   0.0  42.6
       1.69116822E-02     1   0.0  41.5                  1.73134608E-02     1   0.0  42.7
       1.69266026E-02     1   0.0  41.6                  1.73520972E-02     1   0.0  42.7
       1.69369385E-02     1   0.0  41.6                  1.73741474E-02     1   0.0  42.7
       1.69380308E-02     1   0.0  41.6                  1.74114331E-02     1   0.0  42.7
       1.69454378E-02     1   0.0  41.6                  1.74201103E-02     1   0.0  42.8
       1.69510533E-02     1   0.0  41.7                  1.74305399E-02     1   0.0  42.8
       1.69592683E-02     1   0.0  41.7                  1.74592605E-02     1   0.0  42.8
       1.69646737E-02     1   0.0  41.7                  1.74791261E-02     1   0.0  42.8
       1.69822425E-02     1   0.0  41.7                  1.74818799E-02     1   0.0  42.9
       1.69824069E-02     1   0.0  41.8                  1.75003459E-02     1   0.0  42.9
       1.69850103E-02     1   0.0  41.8                  1.75155513E-02     1   0.0  42.9
       1.69855617E-02     1   0.0  41.8                  1.75542996E-02     1   0.0  42.9
       1.69857765E-02     1   0.0  41.8                  1.75739742E-02     1   0.0  43.0
                                         The SAS System    14:19 Thursday, September 28, 2006  14

                                    The UNIVARIATE Procedure
                                          Variable:  ab

                                         Frequency Counts

                              Percents                                          Percents
                Value Count  Cell   Cum                           Value Count  Cell   Cum

       1.75768868E-02     1   0.0  43.0                  1.80361989E-02     1   0.0  44.1
       1.75863165E-02     1   0.0  43.0                  1.80519843E-02     1   0.0  44.1
       1.75938959E-02     1   0.0  43.0                  1.80557522E-02     1   0.0  44.2
       1.76162039E-02     1   0.0  43.1                  1.80587420E-02     1   0.0  44.2
       1.76197751E-02     1   0.0  43.1                  1.80665335E-02     1   0.0  44.2
       1.76240155E-02     1   0.0  43.1                  1.80986460E-02     1   0.0  44.2
       1.76270810E-02     1   0.0  43.1                  1.81033858E-02     1   0.0  44.3
       1.76515788E-02     1   0.0  43.2                  1.81233318E-02     1   0.0  44.3
       1.76519740E-02     1   0.0  43.2                  1.81382669E-02     1   0.0  44.3
       1.76596137E-02     1   0.0  43.2                  1.81431744E-02     1   0.0  44.3
       1.76645374E-02     1   0.0  43.2                  1.81913228E-02     1   0.0  44.4
       1.76765307E-02     1   0.0  43.3                  1.81913518E-02     1   0.0  44.4
       1.76765855E-02     1   0.0  43.3                  1.82192037E-02     1   0.0  44.4
       1.76778573E-02     1   0.0  43.3                  1.82304578E-02     1   0.0  44.4
       1.76795559E-02     1   0.0  43.3                  1.82356465E-02     1   0.0  44.5
       1.77078610E-02     1   0.0  43.4                  1.82464494E-02     1   0.0  44.5
       1.77109222E-02     1   0.0  43.4                  1.82527624E-02     1   0.0  44.5
       1.77303695E-02     1   0.0  43.4                  1.82534759E-02     1   0.0  44.5
       1.77327976E-02     1   0.0  43.4                  1.82616154E-02     1   0.0  44.6
       1.77354120E-02     1   0.0  43.5                  1.82760482E-02     1   0.0  44.6
       1.77403213E-02     1   0.0  43.5                  1.82932770E-02     1   0.0  44.6
       1.77499659E-02     1   0.0  43.5                  1.83032848E-02     1   0.0  44.6
       1.77524225E-02     1   0.0  43.5                  1.83190910E-02     1   0.0  44.7
       1.77638476E-02     1   0.0  43.6                  1.83247283E-02     1   0.0  44.7
       1.77700880E-02     1   0.0  43.6                  1.83300386E-02     1   0.0  44.7
       1.77889261E-02     1   0.0  43.6                  1.83444751E-02     1   0.0  44.7
       1.78040846E-02     1   0.0  43.6                  1.83573987E-02     1   0.0  44.8
       1.78122914E-02     1   0.0  43.7                  1.83715060E-02     1   0.0  44.8
       1.78143830E-02     1   0.0  43.7                  1.83791843E-02     1   0.0  44.8
       1.78236081E-02     1   0.0  43.7                  1.84357646E-02     1   0.0  44.8
       1.78250655E-02     1   0.0  43.7                  1.84377483E-02     1   0.0  44.9
       1.78488549E-02     1   0.0  43.8                  1.84582411E-02     1   0.0  44.9
       1.78531720E-02     1   0.0  43.8                  1.84613718E-02     1   0.0  44.9
       1.78541373E-02     1   0.0  43.8                  1.84759771E-02     1   0.0  44.9
       1.78718395E-02     1   0.0  43.8                  1.84954848E-02     1   0.0  45.0
       1.78731141E-02     1   0.0  43.9                  1.85147533E-02     1   0.0  45.0
       1.78791222E-02     1   0.0  43.9                  1.85159642E-02     1   0.0  45.0
       1.79115641E-02     1   0.0  43.9                  1.85754368E-02     1   0.0  45.0
       1.79121034E-02     1   0.0  43.9                  1.86278404E-02     1   0.0  45.1
       1.79271263E-02     1   0.0  44.0                  1.86367150E-02     1   0.0  45.1
       1.79520300E-02     1   0.0  44.0                  1.86649989E-02     1   0.0  45.1
       1.79553496E-02     1   0.0  44.0                  1.86901371E-02     1   0.0  45.1
       1.79934402E-02     1   0.0  44.0                  1.86925333E-02     1   0.0  45.2
       1.80112358E-02     1   0.0  44.1                  1.86980106E-02     1   0.0  45.2
       1.80173739E-02     1   0.0  44.1                  1.87100129E-02     1   0.0  45.2
                                         The SAS System    14:19 Thursday, September 28, 2006  15

                                    The UNIVARIATE Procedure
                                          Variable:  ab

                                         Frequency Counts

                              Percents                                          Percents
                Value Count  Cell   Cum                           Value Count  Cell   Cum

       1.87356537E-02     1   0.0  45.2                  1.95330252E-02     1   0.0  46.4
       1.87480296E-02     1   0.0  45.3                  1.95396397E-02     1   0.0  46.4
       1.87780780E-02     1   0.0  45.3                  1.95462891E-02     1   0.0  46.4
       1.87972725E-02     1   0.0  45.3                  1.95732746E-02     1   0.0  46.4
       1.87997916E-02     1   0.0  45.3                  1.95828829E-02     1   0.0  46.5
       1.88062180E-02     1   0.0  45.4                  1.96326827E-02     1   0.0  46.5
       1.88097620E-02     1   0.0  45.4                  1.96446874E-02     1   0.0  46.5
       1.88101381E-02     1   0.0  45.4                  1.96587775E-02     1   0.0  46.5
       1.88380036E-02     1   0.0  45.4                  1.96910371E-02     1   0.0  46.6
       1.88505373E-02     1   0.0  45.5                  1.97172075E-02     1   0.0  46.6
       1.88676676E-02     1   0.0  45.5                  1.97222536E-02     1   0.0  46.6
       1.88733891E-02     1   0.0  45.5                  1.97353369E-02     1   0.0  46.6
       1.88741823E-02     1   0.0  45.5                  1.97475051E-02     1   0.0  46.7
       1.88926919E-02     1   0.0  45.6                  1.98123411E-02     1   0.0  46.7
       1.89203331E-02     1   0.0  45.6                  1.98259494E-02     1   0.0  46.7
       1.89277339E-02     1   0.0  45.6                  1.98369008E-02     1   0.0  46.7
       1.89380656E-02     1   0.0  45.6                  1.98824546E-02     1   0.0  46.8
       1.90227586E-02     1   0.0  45.7                  1.99153835E-02     1   0.0  46.8
       1.90591947E-02     1   0.0  45.7                  1.99644234E-02     1   0.0  46.8
       1.90873179E-02     1   0.0  45.7                  1.99875847E-02     1   0.0  46.8
       1.90911530E-02     1   0.0  45.7                  1.99903698E-02     1   0.0  46.9
       1.91443867E-02     1   0.0  45.8                  1.99991578E-02     1   0.0  46.9
       1.91631150E-02     1   0.0  45.8                  2.00130361E-02     1   0.0  46.9
       1.91978603E-02     1   0.0  45.8                  2.00329060E-02     1   0.0  46.9
       1.92305795E-02     1   0.0  45.8                  2.00386633E-02     1   0.0  47.0
       1.92562598E-02     1   0.0  45.9                  2.00801576E-02     1   0.0  47.0
       1.92701581E-02     1   0.0  45.9                  2.01032753E-02     1   0.0  47.0
       1.92804217E-02     1   0.0  45.9                  2.01085006E-02     1   0.0  47.0
       1.93157086E-02     1   0.0  45.9                  2.01766245E-02     1   0.0  47.1
       1.93180702E-02     1   0.0  46.0                  2.01810929E-02     1   0.0  47.1
       1.93298019E-02     1   0.0  46.0                  2.01848597E-02     1   0.0  47.1
       1.93496378E-02     1   0.0  46.0                  2.02166284E-02     1   0.0  47.1
       1.93861217E-02     1   0.0  46.0                  2.02176064E-02     1   0.0  47.2
       1.93898265E-02     1   0.0  46.1                  2.02282318E-02     1   0.0  47.2
       1.94124142E-02     1   0.0  46.1                  2.02616567E-02     1   0.0  47.2
       1.94162718E-02     1   0.0  46.1                  2.03106126E-02     1   0.0  47.2
       1.94269589E-02     1   0.0  46.1                  2.03533265E-02     1   0.0  47.3
       1.94458083E-02     1   0.0  46.2                  2.03538390E-02     1   0.0  47.3
       1.94534431E-02     1   0.0  46.2                  2.04322496E-02     1   0.0  47.3
       1.94582781E-02     1   0.0  46.2                  2.04428947E-02     1   0.0  47.3
       1.94612252E-02     1   0.0  46.2                  2.04531253E-02     1   0.0  47.4
       1.94715553E-02     1   0.0  46.3                  2.05008746E-02     1   0.0  47.4
       1.94808055E-02     1   0.0  46.3                  2.05036791E-02     1   0.0  47.4
       1.95070226E-02     1   0.0  46.3                  2.05116921E-02     1   0.0  47.4
       1.95223384E-02     1   0.0  46.3                  2.05245763E-02     1   0.0  47.5
                                         The SAS System    14:19 Thursday, September 28, 2006  16

                                    The UNIVARIATE Procedure
                                          Variable:  ab

                                         Frequency Counts

                              Percents                                          Percents
                Value Count  Cell   Cum                           Value Count  Cell   Cum

       2.05291011E-02     1   0.0  47.5                  2.23260001E-02     1   0.0  48.6
       2.05324905E-02     1   0.0  47.5                  2.23633933E-02     1   0.0  48.6
       2.05702482E-02     1   0.0  47.5                  2.24319157E-02     1   0.0  48.7
       2.06214785E-02     1   0.0  47.6                  2.25338276E-02     1   0.0  48.7
       2.07020352E-02     1   0.0  47.6                  2.25730595E-02     1   0.0  48.7
       2.07067158E-02     1   0.0  47.6                  2.25861825E-02     1   0.0  48.7
       2.07268807E-02     1   0.0  47.6                  2.26106154E-02     1   0.0  48.8
       2.07775748E-02     1   0.0  47.7                  2.26905301E-02     1   0.0  48.8
       2.07934364E-02     1   0.0  47.7                  2.26961257E-02     1   0.0  48.8
       2.08001274E-02     1   0.0  47.7                  2.26963460E-02     1   0.0  48.8
       2.08139719E-02     1   0.0  47.7                  2.27269506E-02     1   0.0  48.9
       2.08201964E-02     1   0.0  47.8                  2.27389124E-02     1   0.0  48.9
       2.08724250E-02     1   0.0  47.8                  2.29459843E-02     1   0.0  48.9
       2.08928148E-02     1   0.0  47.8                  2.30118257E-02     1   0.0  48.9
       2.09651480E-02     1   0.0  47.8                  2.30771236E-02     1   0.0  49.0
       2.10376994E-02     1   0.0  47.9                  2.32361436E-02     1   0.0  49.0
       2.11376053E-02     1   0.0  47.9                  2.32627702E-02     1   0.0  49.0
       2.11524543E-02     1   0.0  47.9                  2.33079832E-02     1   0.0  49.0
       2.12012099E-02     1   0.0  47.9                  2.33189098E-02     1   0.0  49.1
       2.12312255E-02     1   0.0  48.0                  2.34221536E-02     1   0.0  49.1
       2.12452409E-02     1   0.0  48.0                  2.36178827E-02     1   0.0  49.1
       2.12466939E-02     1   0.0  48.0                  2.37029188E-02     1   0.0  49.1
       2.13255005E-02     1   0.0  48.0                  2.37044383E-02     1   0.0  49.2
       2.13470869E-02     1   0.0  48.1                  2.37180682E-02     1   0.0  49.2
       2.14353455E-02     1   0.0  48.1                  2.39576096E-02     1   0.0  49.2
       2.14868062E-02     1   0.0  48.1                  2.40176546E-02     1   0.0  49.2
       2.15141243E-02     1   0.0  48.1                  2.41884376E-02     1   0.0  49.3
       2.15141249E-02     1   0.0  48.2                  2.42772177E-02     1   0.0  49.3
       2.15524532E-02     1   0.0  48.2                  2.43169638E-02     1   0.0  49.3
       2.16157023E-02     1   0.0  48.2                  2.43952398E-02     1   0.0  49.3
       2.17145148E-02     1   0.0  48.2                  2.44235994E-02     1   0.0  49.4
       2.18076950E-02     1   0.0  48.3                  2.44990512E-02     1   0.0  49.4
       2.18087919E-02     1   0.0  48.3                  2.46186033E-02     1   0.0  49.4
       2.18194588E-02     1   0.0  48.3                  2.51711218E-02     1   0.0  49.4
       2.19033060E-02     1   0.0  48.3                  2.53620885E-02     1   0.0  49.5
       2.20753590E-02     1   0.0  48.4                  2.53903764E-02     1   0.0  49.5
       2.20775571E-02     1   0.0  48.4                  2.56675930E-02     1   0.0  49.5
       2.20842620E-02     1   0.0  48.4                  2.57470957E-02     1   0.0  49.5
       2.20901659E-02     1   0.0  48.4                  2.58719443E-02     1   0.0  49.6
       2.20951685E-02     1   0.0  48.5                  2.59720568E-02     1   0.0  49.6
       2.22121817E-02     1   0.0  48.5                  2.63940170E-02     1   0.0  49.6
       2.22546453E-02     1   0.0  48.5                  2.64225701E-02     1   0.0  49.6
       2.22656317E-02     1   0.0  48.5                  2.64465858E-02     1   0.0  49.7
       2.22895588E-02     1   0.0  48.6                  2.67782849E-02     1   0.0  49.7
       2.22945952E-02     1   0.0  48.6                  2.69161179E-02     1   0.0  49.7
                                         The SAS System    14:19 Thursday, September 28, 2006  17

                                    The UNIVARIATE Procedure
                                          Variable:  ab

                                         Frequency Counts

                              Percents                                          Percents
                Value Count  Cell   Cum                           Value Count  Cell   Cum

       2.69329626E-02     1   0.0  49.7                  2.99259373E-02     1   0.0  49.9
       2.69863413E-02     1   0.0  49.8                  3.05322790E-02     1   0.0  50.0
       2.72316876E-02     1   0.0  49.8                  3.06825726E-02     1   0.0  50.0
       2.75182838E-02     1   0.0  49.8                  3.18190337E-02     1   0.0  50.0
       2.75329461E-02     1   0.0  49.8                  9.46108544E-01     1   0.0  50.0
       2.83210660E-02     1   0.0  49.9                  1.00000000E+00   999  25.0  75.0
       2.91101645E-02     1   0.0  49.9                  8.10000000E+01  1000  25.0 100.0
       2.93690762E-02     1   0.0  49.9
