Mplus VERSION 8.11
MUTHEN & MUTHEN
07/10/2025   2:23 PM

INPUT INSTRUCTIONS

    TITLE:
          Chapter 16 Autoregressive Model;
    DATA:
          FILE IS Chap16_ATLASBtoE.csv;
    VARIABLE:
          Names = group intent nutrit sever media
          cintent cnutrit csever cmedia dintent dnutrit
          dsever dmedia eintent enutrit esever emedia;
          Missing = *;
          Usevariables = group sever csever dsever esever
          intent cintent dintent eintent;
    ANALYSIS:
          iteration=50000;
          convergence=.000001;
          h1convergence=.000001;
    MODEL:
          cintent on group intent sever;
          dintent on group cintent csever;
          eintent on group dintent dsever;
          csever on group sever;
          dsever on group csever;
          esever on group dsever;
          group with intent sever;
          intent with sever;
          cintent with csever;
          dintent with dsever;
          eintent with esever;
    OUTPUT:



INPUT READING TERMINATED NORMALLY




Chapter 16 Autoregressive Model;

SUMMARY OF ANALYSIS

Number of groups                                                 1
Number of observations                                        1506

Number of dependent variables                                    6
Number of independent variables                                  3
Number of continuous latent variables                            0

Observed dependent variables

  Continuous
   CSEVER      DSEVER      ESEVER      CINTENT     DINTENT     EINTENT

Observed independent variables
   GROUP       SEVER       INTENT


Estimator                                                       ML
Information matrix                                        OBSERVED
Maximum number of iterations                                 50000
Convergence criterion                                    0.100D-05
Maximum number of steepest descent iterations                   20
Maximum number of iterations for H1                           2000
Convergence criterion for H1                             0.100D-05

Input data file(s)
  Chap16_ATLASBtoE.csv

Input data format  FREE


SUMMARY OF DATA

     Number of missing data patterns            26


COVARIANCE COVERAGE OF DATA

Minimum covariance coverage value   0.100


     PROPORTION OF DATA PRESENT


           Covariance Coverage
              CSEVER        DSEVER        ESEVER        CINTENT       DINTENT
              ________      ________      ________      ________      ________
 CSEVER         0.807
 DSEVER         0.505         0.574
 ESEVER         0.299         0.329         0.332
 CINTENT        0.799         0.501         0.297         0.801
 DINTENT        0.505         0.572         0.329         0.501         0.574
 EINTENT        0.300         0.331         0.332         0.297         0.331
 GROUP          0.807         0.574         0.332         0.801         0.574
 SEVER          0.799         0.568         0.328         0.793         0.569
 INTENT         0.804         0.572         0.331         0.799         0.572


           Covariance Coverage
              EINTENT       GROUP         SEVER         INTENT
              ________      ________      ________      ________
 EINTENT        0.333
 GROUP          0.333         1.000
 SEVER          0.329         0.987         0.987
 INTENT         0.332         0.997         0.985         0.997



UNIVARIATE SAMPLE STATISTICS


     UNIVARIATE HIGHER-ORDER MOMENT DESCRIPTIVE STATISTICS

         Variable/         Mean/     Skewness/   Minimum/ % with                Percentiles
        Sample Size      Variance    Kurtosis    Maximum  Min/Max      20%/60%    40%/80%    Median

     CSEVER                5.866      -0.844       1.000    0.49%       4.333      6.000      6.333
            1215.000       1.658      -0.183       7.000   43.37%       7.000      7.000
     DSEVER                5.779      -0.796       1.000    0.46%       4.000      5.667      6.000
             864.000       1.727      -0.222       7.000   38.77%       6.667      7.000
     ESEVER                5.799      -0.887       1.000    1.00%       4.333      5.667      6.000
             500.000       1.637       0.291       7.000   37.00%       6.667      7.000
     CINTENT               1.720       1.647       1.000   61.06%       1.000      1.000      1.000
            1207.000       1.418       1.809       7.000    0.17%       1.000      2.600
     DINTENT               1.690       1.799       1.000   63.35%       1.000      1.000      1.000
             865.000       1.463       2.415       7.000    0.12%       1.000      2.600
     EINTENT               1.735       1.748       1.000   59.16%       1.000      1.000      1.000
             502.000       1.465       2.487       7.000    0.40%       1.200      2.600
     GROUP                 0.466       0.136       0.000   53.39%       0.000      0.000      0.000
            1506.000       0.249      -1.982       1.000   46.61%       1.000      1.000
     SEVER                 5.796      -0.831       1.000    0.47%       4.333      5.667      6.000
            1486.000       1.646      -0.071       7.000   37.69%       6.667      7.000
     INTENT                1.734       1.857       1.000   61.78%       1.000      1.000      1.000
            1502.000       1.618       2.786       7.000    0.53%       1.000      2.600


THE MODEL ESTIMATION TERMINATED NORMALLY

     THE STANDARD ERRORS OF THE MODEL PARAMETER ESTIMATES MAY NOT BE
     TRUSTWORTHY FOR SOME PARAMETERS DUE TO A NON-POSITIVE DEFINITE
     FIRST-ORDER DERIVATIVE PRODUCT MATRIX.  THIS MAY BE DUE TO THE STARTING
     VALUES BUT MAY ALSO BE AN INDICATION OF MODEL NONIDENTIFICATION.  THE
     CONDITION NUMBER IS      -0.433D-17.  PROBLEM INVOLVING THE FOLLOWING PARAMETER:
     Parameter 39, INTENT




MODEL FIT INFORMATION

Number of Free Parameters                       39

Loglikelihood

          H0 Value                      -13408.596
          H1 Value                      -13313.101

Information Criteria

          Akaike (AIC)                   26895.191
          Bayesian (BIC)                 27102.562
          Sample-Size Adjusted BIC       26978.670
            (n* = (n + 2) / 24)

Chi-Square Test of Model Fit

          Value                            190.989
          Degrees of Freedom                    15
          P-Value                           0.0000

RMSEA (Root Mean Square Error Of Approximation)

          Estimate                           0.088
          90 Percent C.I.                    0.077  0.100
          Probability RMSEA <= .05           0.000

CFI/TLI

          CFI                                0.918
          TLI                                0.819

Chi-Square Test of Model Fit for the Baseline Model

          Value                           2174.256
          Degrees of Freedom                    33
          P-Value                           0.0000

SRMR (Standardized Root Mean Square Residual)

          Value                              0.100



MODEL RESULTS

                                                    Two-Tailed
                    Estimate       S.E.  Est./S.E.    P-Value

 CINTENT  ON
    GROUP             -0.145      0.056     -2.611      0.009
    INTENT             0.459      0.023     19.993      0.000
    SEVER             -0.140      0.023     -5.994      0.000

 DINTENT  ON
    GROUP             -0.030      0.074     -0.407      0.684
    CINTENT            0.391      0.033     11.810      0.000
    CSEVER            -0.126      0.033     -3.830      0.000

 EINTENT  ON
    GROUP              0.065      0.084      0.773      0.440
    DINTENT            0.470      0.038     12.415      0.000
    DSEVER            -0.179      0.038     -4.734      0.000

 CSEVER   ON
    GROUP              0.484      0.065      7.435      0.000
    SEVER              0.439      0.026     17.194      0.000

 DSEVER   ON
    GROUP              0.029      0.081      0.357      0.721
    CSEVER             0.482      0.033     14.769      0.000

 ESEVER   ON
    GROUP              0.150      0.099      1.511      0.131
    DSEVER             0.501      0.039     12.956      0.000

 GROUP    WITH
    INTENT            -0.038      0.016     -2.323      0.020
    SEVER              0.033      0.017      2.007      0.045

 INTENT   WITH
    SEVER             -0.599      0.045    -13.330      0.000

 CINTENT  WITH
    CSEVER            -0.348      0.033    -10.408      0.000

 DINTENT  WITH
    DSEVER            -0.463      0.046    -10.143      0.000

 EINTENT  WITH
    ESEVER            -0.369      0.050     -7.355      0.000

 Means
    GROUP              0.466      0.013     36.262      0.000
    SEVER              5.796      0.033    174.406      0.000
    INTENT             1.734      0.033     52.849      0.000

 Intercepts
    CSEVER             3.097      0.154     20.139      0.000
    DSEVER             2.915      0.193     15.070      0.000
    ESEVER             2.825      0.230     12.309      0.000
    CINTENT            1.818      0.158     11.492      0.000
    DINTENT            1.795      0.224      8.006      0.000
    EINTENT            1.927      0.261      7.389      0.000

 Variances
    GROUP              0.249      0.009     27.441      0.000
    SEVER              1.646      0.060     27.276      0.000
    INTENT             1.618      0.059     27.416      0.000

 Residual Variances
    CSEVER             1.283      0.052     24.610      0.000
    DSEVER             1.342      0.066     20.291      0.000
    ESEVER             1.210      0.077     15.779      0.000
    CINTENT            0.924      0.038     24.457      0.000
    DINTENT            1.112      0.055     20.323      0.000
    EINTENT            0.881      0.056     15.751      0.000


QUALITY OF NUMERICAL RESULTS

     Condition Number for the Information Matrix              0.205E-03
       (ratio of smallest to largest eigenvalue)


TECHNICAL 1 OUTPUT


     PARAMETER SPECIFICATION


           NU
              CSEVER        DSEVER        ESEVER        CINTENT       DINTENT
              ________      ________      ________      ________      ________
                  0             0             0             0             0


           NU
              EINTENT       GROUP         SEVER         INTENT
              ________      ________      ________      ________
                  0             0             0             0


           LAMBDA
              CSEVER        DSEVER        ESEVER        CINTENT       DINTENT
              ________      ________      ________      ________      ________
 CSEVER             0             0             0             0             0
 DSEVER             0             0             0             0             0
 ESEVER             0             0             0             0             0
 CINTENT            0             0             0             0             0
 DINTENT            0             0             0             0             0
 EINTENT            0             0             0             0             0
 GROUP              0             0             0             0             0
 SEVER              0             0             0             0             0
 INTENT             0             0             0             0             0


           LAMBDA
              EINTENT       GROUP         SEVER         INTENT
              ________      ________      ________      ________
 CSEVER             0             0             0             0
 DSEVER             0             0             0             0
 ESEVER             0             0             0             0
 CINTENT            0             0             0             0
 DINTENT            0             0             0             0
 EINTENT            0             0             0             0
 GROUP              0             0             0             0
 SEVER              0             0             0             0
 INTENT             0             0             0             0


           THETA
              CSEVER        DSEVER        ESEVER        CINTENT       DINTENT
              ________      ________      ________      ________      ________
 CSEVER             0
 DSEVER             0             0
 ESEVER             0             0             0
 CINTENT            0             0             0             0
 DINTENT            0             0             0             0             0
 EINTENT            0             0             0             0             0
 GROUP              0             0             0             0             0
 SEVER              0             0             0             0             0
 INTENT             0             0             0             0             0


           THETA
              EINTENT       GROUP         SEVER         INTENT
              ________      ________      ________      ________
 EINTENT            0
 GROUP              0             0
 SEVER              0             0             0
 INTENT             0             0             0             0


           ALPHA
              CSEVER        DSEVER        ESEVER        CINTENT       DINTENT
              ________      ________      ________      ________      ________
                  1             2             3             4             5


           ALPHA
              EINTENT       GROUP         SEVER         INTENT
              ________      ________      ________      ________
                  6             7             8             9


           BETA
              CSEVER        DSEVER        ESEVER        CINTENT       DINTENT
              ________      ________      ________      ________      ________
 CSEVER             0             0             0             0             0
 DSEVER            12             0             0             0             0
 ESEVER             0            14             0             0             0
 CINTENT            0             0             0             0             0
 DINTENT           19             0             0            20             0
 EINTENT            0            22             0             0            23
 GROUP              0             0             0             0             0
 SEVER              0             0             0             0             0
 INTENT             0             0             0             0             0


           BETA
              EINTENT       GROUP         SEVER         INTENT
              ________      ________      ________      ________
 CSEVER             0            10            11             0
 DSEVER             0            13             0             0
 ESEVER             0            15             0             0
 CINTENT            0            16            17            18
 DINTENT            0            21             0             0
 EINTENT            0            24             0             0
 GROUP              0             0             0             0
 SEVER              0             0             0             0
 INTENT             0             0             0             0


           PSI
              CSEVER        DSEVER        ESEVER        CINTENT       DINTENT
              ________      ________      ________      ________      ________
 CSEVER            25
 DSEVER             0            26
 ESEVER             0             0            27
 CINTENT           28             0             0            29
 DINTENT            0            30             0             0            31
 EINTENT            0             0            32             0             0
 GROUP              0             0             0             0             0
 SEVER              0             0             0             0             0
 INTENT             0             0             0             0             0


           PSI
              EINTENT       GROUP         SEVER         INTENT
              ________      ________      ________      ________
 EINTENT           33
 GROUP              0            34
 SEVER              0            35            36
 INTENT             0            37            38            39


     STARTING VALUES


           NU
              CSEVER        DSEVER        ESEVER        CINTENT       DINTENT
              ________      ________      ________      ________      ________
                0.000         0.000         0.000         0.000         0.000


           NU
              EINTENT       GROUP         SEVER         INTENT
              ________      ________      ________      ________
                0.000         0.000         0.000         0.000


           LAMBDA
              CSEVER        DSEVER        ESEVER        CINTENT       DINTENT
              ________      ________      ________      ________      ________
 CSEVER         1.000         0.000         0.000         0.000         0.000
 DSEVER         0.000         1.000         0.000         0.000         0.000
 ESEVER         0.000         0.000         1.000         0.000         0.000
 CINTENT        0.000         0.000         0.000         1.000         0.000
 DINTENT        0.000         0.000         0.000         0.000         1.000
 EINTENT        0.000         0.000         0.000         0.000         0.000
 GROUP          0.000         0.000         0.000         0.000         0.000
 SEVER          0.000         0.000         0.000         0.000         0.000
 INTENT         0.000         0.000         0.000         0.000         0.000


           LAMBDA
              EINTENT       GROUP         SEVER         INTENT
              ________      ________      ________      ________
 CSEVER         0.000         0.000         0.000         0.000
 DSEVER         0.000         0.000         0.000         0.000
 ESEVER         0.000         0.000         0.000         0.000
 CINTENT        0.000         0.000         0.000         0.000
 DINTENT        0.000         0.000         0.000         0.000
 EINTENT        1.000         0.000         0.000         0.000
 GROUP          0.000         1.000         0.000         0.000
 SEVER          0.000         0.000         1.000         0.000
 INTENT         0.000         0.000         0.000         1.000


           THETA
              CSEVER        DSEVER        ESEVER        CINTENT       DINTENT
              ________      ________      ________      ________      ________
 CSEVER         0.000
 DSEVER         0.000         0.000
 ESEVER         0.000         0.000         0.000
 CINTENT        0.000         0.000         0.000         0.000
 DINTENT        0.000         0.000         0.000         0.000         0.000
 EINTENT        0.000         0.000         0.000         0.000         0.000
 GROUP          0.000         0.000         0.000         0.000         0.000
 SEVER          0.000         0.000         0.000         0.000         0.000
 INTENT         0.000         0.000         0.000         0.000         0.000


           THETA
              EINTENT       GROUP         SEVER         INTENT
              ________      ________      ________      ________
 EINTENT        0.000
 GROUP          0.000         0.000
 SEVER          0.000         0.000         0.000
 INTENT         0.000         0.000         0.000         0.000


           ALPHA
              CSEVER        DSEVER        ESEVER        CINTENT       DINTENT
              ________      ________      ________      ________      ________
                5.866         5.779         5.799         1.720         1.690


           ALPHA
              EINTENT       GROUP         SEVER         INTENT
              ________      ________      ________      ________
                1.735         0.466         5.796         1.734


           BETA
              CSEVER        DSEVER        ESEVER        CINTENT       DINTENT
              ________      ________      ________      ________      ________
 CSEVER         0.000         0.000         0.000         0.000         0.000
 DSEVER         0.000         0.000         0.000         0.000         0.000
 ESEVER         0.000         0.000         0.000         0.000         0.000
 CINTENT        0.000         0.000         0.000         0.000         0.000
 DINTENT        0.000         0.000         0.000         0.000         0.000
 EINTENT        0.000         0.000         0.000         0.000         0.000
 GROUP          0.000         0.000         0.000         0.000         0.000
 SEVER          0.000         0.000         0.000         0.000         0.000
 INTENT         0.000         0.000         0.000         0.000         0.000


           BETA
              EINTENT       GROUP         SEVER         INTENT
              ________      ________      ________      ________
 CSEVER         0.000         0.000         0.000         0.000
 DSEVER         0.000         0.000         0.000         0.000
 ESEVER         0.000         0.000         0.000         0.000
 CINTENT        0.000         0.000         0.000         0.000
 DINTENT        0.000         0.000         0.000         0.000
 EINTENT        0.000         0.000         0.000         0.000
 GROUP          0.000         0.000         0.000         0.000
 SEVER          0.000         0.000         0.000         0.000
 INTENT         0.000         0.000         0.000         0.000


           PSI
              CSEVER        DSEVER        ESEVER        CINTENT       DINTENT
              ________      ________      ________      ________      ________
 CSEVER         0.829
 DSEVER         0.000         0.863
 ESEVER         0.000         0.000         0.819
 CINTENT        0.000         0.000         0.000         0.709
 DINTENT        0.000         0.000         0.000         0.000         0.732
 EINTENT        0.000         0.000         0.000         0.000         0.000
 GROUP          0.000         0.000         0.000         0.000         0.000
 SEVER          0.000         0.000         0.000         0.000         0.000
 INTENT         0.000         0.000         0.000         0.000         0.000


           PSI
              EINTENT       GROUP         SEVER         INTENT
              ________      ________      ________      ________
 EINTENT        0.733
 GROUP          0.000         0.124
 SEVER          0.000         0.000         0.823
 INTENT         0.000         0.000         0.000         0.809


DIAGRAM INFORMATION

  Use View Diagram under the Diagram menu in the Mplus Editor to view the diagram.
  If running Mplus from the Mplus Diagrammer, the diagram opens automatically.

  Diagram output
    c:\users\xliu6\onedrive\desktop\mediation book programs\chapter 16\mplus\chap16_autoreg_mplus.dgm

     Beginning Time:  14:23:54
        Ending Time:  14:23:54
       Elapsed Time:  00:00:00



MUTHEN & MUTHEN
3463 Stoner Ave.
Los Angeles, CA  90066

Tel: (310) 391-9971
Fax: (310) 391-8971
Web: www.StatModel.com
Support: Support@StatModel.com

Copyright (c) 1998-2024 Muthen & Muthen
