                                 The SAS System                                4
                                                   20:44 Sunday, August 26, 2007

Obs     c       sc      cp     scp      b1      sb1      b2     sb2      a1

 1  -0.00140 0.06030 0.00440 0.06350 -0.48300 0.06470 0.33650 0.05620 0.34410
 2   0.70780 0.17340 0.11220 0.20730  0.56900 0.15680 0.52970 0.16960 0.84010
 3   0.70776 0.17343 0.11215 0.20731  0.56903 0.15681 0.52972 0.16964 0.84014
 4    .       .      0.11200 0.19900  0.56900 0.15100 0.53000 0.16300 0.84010
 5    .       .      0.11200 0.20180  0.56900 0.15260 0.52970 0.16510 0.84010
 6    .       .      0.11200 0.19700  0.56900 0.14900 0.53000 0.16100 0.84000

Obs   sa1      a2     sa2     mse     varx  sb1b2  sa1a2  N  label    ta1

 1  0.04710 0.05420 0.01290 10.1913 125.562 .0040  .     300 ex51   7.30573
 2  0.15800 0.22190 0.14600  8.3879  84.870 .0079  .      40 mreg4  5.31709
 3  0.15796 0.22190 0.14602  8.3879  84.870 .0079  .      40 mreg6  5.31876
 4  0.15600 0.22200 0.14400   .      84.870 .0075 -.0068  40 EQS    5.38526
 5  0.15800 0.22190 0.14600   .      84.870 .0075 -.0068  40 LISREL 5.31709
 6  0.15400 0.22200 0.14200   .      84.870 .0070 -.0068  40 MPLUS  5.45455

Obs   ta2      tb1     tb2      tc      tcp     a1b1     a2b2     ccp     totab

 1  4.20155 -7.46522 5.98754 -0.02322 0.06929 -0.16620 0.01824 -0.00580 -0.14796
 2  1.51986  3.62883 3.12323  4.08189 0.54124  0.47802 0.11754  0.59560  0.59556
 3  1.51973  3.62873 3.12266  4.08096 0.54098  0.47806 0.11755  0.59561  0.59561
 4  1.54167  3.76821 3.25153   .      0.56281  0.47802 0.11766   .       0.59568
 5  1.51986  3.72870 3.20836   .      0.55500  0.47802 0.11754   .       0.59556
 6  1.56338  3.81879 3.29193   .      0.56853  0.47796 0.11766   .       0.59562

Obs   vara1    vara2    varb1    varb2   vara1b1    vara2b2  sa1b1    sa2b2

 1  0.002218 0.000166 0.004186 0.003158 0.001013 .000028121 0.03183 0.005303
 2  0.024964 0.021316 0.024586 0.028764 0.025435 .007397224 0.15948 0.086007
 3  0.024951 0.021320 0.024590 0.028777 0.025435 .007399587 0.15948 0.086021
 4  0.024336 0.020736 0.022801 0.026569 0.023971 .007134169 0.15483 0.084464
 5  0.024964 0.021316 0.023287 0.027258 0.024517 .007323062 0.15658 0.085575
 6  0.023716 0.020164 0.022201 0.025921 0.023343 .006941558 0.15279 0.083316

Obs   ta1b1   ta2b2   sa1b1t  sa2b2t   Stot57 Stot57b  Stot58   ttot  Stot58b

 1  -5.22141 3.43927 0.03183 0.005303 0.03450  .      0.03450  .       .
 2   2.99731 1.36664 0.15948 0.086007 0.18915  .      0.18915  .       .
 3   2.99755 1.36649 0.15948 0.086021 0.18916  .      0.18916  .       .
 4   3.08743 1.39302 0.15483 0.084464 0.18413 0.17263 0.18413 3.45057 0.17263
 5   3.05285 1.37354 0.15658 0.085575 0.18611 0.17475 0.18611 3.40804 0.17475
 6   3.12831 1.41221 0.15279 0.083316 0.18137 0.16969 0.18137 3.51007 0.16969
                                 The SAS System                                5
                                                   20:44 Sunday, August 26, 2007

Obs  covccp    rccp  Stot59c Stot59r   tdiff  Stot510 Stot510b Stot511  tequal

 1  0.002757 0.72010 0.04641 0.04641 -0.12498 0.02987   .      0.02987 -6.17510
 2  0.020725 0.57656 0.17774 0.17774  3.35099 0.17288   .      0.17288  2.08516
 3  0.020725 0.57643 0.17778 0.17778  3.35023 0.17289   .      0.17289  2.08529
 4   .        .       .       .        .      0.16825  0.18003 0.16825  2.14180
 5   .        .       .       .        .      0.17042  0.18205 0.17042  2.11518
 6   .        .       .       .        .      0.16636  0.17826 0.16636  2.16584

Obs Stot511b    tequalb     lcla1b1     ucla1b1     lcla2b2     ucla2b2

 1    .          .         -0.22859    -0.10381     0.007845    0.02863
 2    .          .          0.16543     0.79060    -0.051034    0.28611
 3    .          .          0.16547     0.79065    -0.051054    0.28615
 4   0.18003    2.00170     0.17456     0.78148    -0.047889    0.28321
 5   0.18205    1.98006     0.17112     0.78491    -0.050186    0.28527
 6   0.17826    2.02124     0.17850     0.77742    -0.045639    0.28096
