Mplus VERSION 8.11
MUTHEN & MUTHEN
05/29/2025   1:41 AM

INPUT INSTRUCTIONS

  TITLE: Chapter 8 Bootstrap Example of Chapter 5 Two Mediator Model

  DATA:
      File is 'Chap8_twomed.txt';

  VARIABLE:
      Names are s x m1 m2 y;
      Usevariables are x m1 m2 y;

  ANALYSIS:
      Bootstrap = 500;

  MODEL:
      m1 on x;
      m2 on x;
      y on m1 m2 x;
      m1 with m2;

  MODEL INDIRECT:
      y ind x;
  OUTPUT:
      Cinterval(BCBootstrap);



INPUT READING TERMINATED NORMALLY



Chapter 8 Bootstrap Example of Chapter 5 Two Mediator Model

SUMMARY OF ANALYSIS

Number of groups                                                 1
Number of observations                                          40

Number of dependent variables                                    3
Number of independent variables                                  1
Number of continuous latent variables                            0

Observed dependent variables

  Continuous
   M1          M2          Y

Observed independent variables
   X


Estimator                                                       ML
Information matrix                                        OBSERVED
Maximum number of iterations                                  1000
Convergence criterion                                    0.500D-04
Maximum number of steepest descent iterations                   20
Number of bootstrap draws
    Requested                                                  500
    Completed                                                  500

Input data file(s)
  Chap8_twomed.txt

Input data format  FREE



UNIVARIATE SAMPLE STATISTICS


     UNIVARIATE HIGHER-ORDER MOMENT DESCRIPTIVE STATISTICS

         Variable/         Mean/     Skewness/   Minimum/ % with                Percentiles
        Sample Size      Variance    Kurtosis    Maximum  Min/Max      20%/60%    40%/80%    Median

     M1                   49.650       0.375      22.000    2.50%      40.000     42.000     49.000
              40.000     136.827       0.047      80.000    2.50%      51.000     60.000
     M2                   51.950       0.719      37.000    2.50%      45.000     51.000     52.500
              40.000      71.097       1.139      79.000    2.50%      54.000     56.000
     Y                    70.575       0.001      46.000    2.50%      60.000     68.000     69.500
              40.000     135.994      -0.208      99.000    2.50%      73.000     82.000
     X                    50.650       0.059      32.000    2.50%      45.000     48.000     50.500
              40.000      82.728       0.033      73.000    2.50%      53.000     56.000


THE MODEL ESTIMATION TERMINATED NORMALLY



MODEL FIT INFORMATION

Number of Free Parameters                       12

Loglikelihood

          H0 Value                        -422.740
          H1 Value                        -422.740

Information Criteria

          Akaike (AIC)                     869.480
          Bayesian (BIC)                   889.746
          Sample-Size Adjusted BIC         852.195
            (n* = (n + 2) / 24)

Chi-Square Test of Model Fit

          Value                              0.000
          Degrees of Freedom                     0
          P-Value                           0.0000

RMSEA (Root Mean Square Error Of Approximation)

          Estimate                           0.000
          90 Percent C.I.                    0.000  0.000
          Probability RMSEA <= .05           0.000

CFI/TLI

          CFI                                1.000
          TLI                                1.000

Chi-Square Test of Model Fit for the Baseline Model

          Value                             58.881
          Degrees of Freedom                     6
          P-Value                           0.0000

SRMR (Standardized Root Mean Square Residual)

          Value                              0.000



MODEL RESULTS

                                                    Two-Tailed
                    Estimate       S.E.  Est./S.E.    P-Value

 M1       ON
    X                  0.840      0.168      5.008      0.000

 M2       ON
    X                  0.222      0.145      1.529      0.126

 Y        ON
    M1                 0.569      0.133      4.269      0.000
    M2                 0.530      0.161      3.289      0.001
    X                  0.112      0.185      0.605      0.545

 M1       WITH
    M2               -21.516     12.746     -1.688      0.091

 Intercepts
    M1                 7.097      8.311      0.854      0.393
    M2                40.711      6.991      5.823      0.000
    Y                  9.123     10.852      0.841      0.400

 Residual Variances
    M1                78.436     13.670      5.738      0.000
    M2                67.024     18.755      3.574      0.000
    Y                 63.321     12.377      5.116      0.000


TOTAL, TOTAL INDIRECT, SPECIFIC INDIRECT, AND DIRECT EFFECTS


                                                    Two-Tailed
                    Estimate       S.E.  Est./S.E.    P-Value

Effects from X to Y

  Total                0.708      0.174      4.071      0.000
  Total indirect       0.596      0.174      3.426      0.001

  Specific indirect 1
    Y
    M1
    X                  0.478      0.155      3.093      0.002

  Specific indirect 2
    Y
    M2
    X                  0.118      0.084      1.404      0.160

  Direct
    Y
    X                  0.112      0.185      0.605      0.545



CONFIDENCE INTERVALS OF MODEL RESULTS

                  Lower .5%  Lower 2.5%    Lower 5%    Estimate    Upper 5%  Upper 2.5%   Upper .5%

 M1       ON
    X                0.449       0.522       0.573       0.840       1.123       1.170       1.234

 M2       ON
    X               -0.081      -0.050      -0.006       0.222       0.471       0.523       0.623

 Y        ON
    M1               0.216       0.296       0.358       0.569       0.784       0.827       0.924
    M2              -0.118       0.213       0.254       0.530       0.779       0.838       0.956
    X               -0.422      -0.304      -0.211       0.112       0.395       0.461       0.571

 M1       WITH
    M2             -59.702     -50.646     -47.280     -21.516      -2.818       1.010       7.257

 Intercepts
    M1             -20.336     -10.198      -7.476       7.097      20.419      22.455      25.866
    M2              22.784      25.892      28.353      40.711      51.360      54.321      55.712
    Y              -16.680     -11.723      -8.948       9.123      26.641      29.391      37.516

 Residual Variances
    M1              50.583      58.947      62.029      78.436     108.558     109.558     118.355
    M2              30.296      38.186      42.165      67.024     108.226     119.160     125.073
    Y               38.073      45.112      48.557      63.321      90.210      92.294      95.871


CONFIDENCE INTERVALS OF TOTAL, TOTAL INDIRECT, SPECIFIC INDIRECT, AND DIRECT EFFECTS


                  Lower .5%  Lower 2.5%    Lower 5%    Estimate    Upper 5%  Upper 2.5%   Upper .5%

Effects from X to Y

  Total              0.324       0.389       0.429       0.708       0.999       1.081       1.189
  Total indirect     0.226       0.305       0.354       0.596       0.955       1.042       1.113

  Specific indirect 1
    Y
    M1
    X                0.141       0.220       0.260       0.478       0.780       0.812       0.997

  Specific indirect 2
    Y
    M2
    X               -0.050      -0.023      -0.001       0.118       0.274       0.307       0.374

  Direct
    Y
    X               -0.422      -0.304      -0.211       0.112       0.395       0.461       0.571



DIAGRAM INFORMATION

  Use View Diagram under the Diagram menu in the Mplus Editor to view the diagram.
  If running Mplus from the Mplus Diagrammer, the diagram opens automatically.

  Diagram output
    c:\users\xliu6\asu dropbox\xinran liu\pc (3)\downloads\mediation book 2025-20250527t092340z-1-001\mediation book 202

     Beginning Time:  01:41:07
        Ending Time:  01:41:07
       Elapsed Time:  00:00:00



MUTHEN & MUTHEN
3463 Stoner Ave.
Los Angeles, CA  90066

Tel: (310) 391-9971
Fax: (310) 391-8971
Web: www.StatModel.com
Support: Support@StatModel.com

Copyright (c) 1998-2024 Muthen & Muthen
