                                         The SAS System         16:35 Sunday, August 26, 2007   1

                                    Obs      ccp         ab

                                     1     0.16960    0.16959
                                     2     0.15280    0.15271
                                     3     0.15272    0.15272
                                         The SAS System         16:35 Sunday, August 26, 2007   2

     Obs      se36        se37        se38        se39        se310       se311       se312

      1     0.024670    0.024670    0.024903    0.024732    0.024732    0.024608    0.024608
      2     0.074103    0.074103    0.072989    0.076227    0.076227    0.071915    0.071915
      3     0.074089    0.074089    0.072949    0.076211    0.076211    0.071903    0.071903
                                         The SAS System         16:35 Sunday, August 26, 2007   3

                        Obs       ab        se36        lcl        ucl

                         1     0.16959    0.024670    0.12124    0.21795
                         2     0.15271    0.074103    0.00747    0.29795
                         3     0.15272    0.074089    0.00751    0.29793
                                         The SAS System         16:35 Sunday, August 26, 2007   4

                   Obs       tc         ta         tb        tcp        ccp

                    1     5.62916    11.0625    8.77436    2.89097    0.16960
                    2     2.68354     2.7663    3.08904    1.55739    0.15280
                    3     2.68285     2.7670    3.08986    1.55822    0.15272
