Mplus VERSION 8.11
MUTHEN & MUTHEN
05/29/2025   4:20 AM

INPUT INSTRUCTIONS

  TITLE: Chapter 15 Group Example with TYPE=Complex

  DATA:
      File is 'Chap15_grpexam.txt';

  VARIABLE:
      Names are obs x m y i j;
      Usevariables are x m y;
      Cluster is j;

  ANALYSIS:
      Type is complex;
      Estimator is MLR;
      Iterations = 1000;
      Convergence = 0.00005;

  MODEL:
      y on x m;
      m on x;

  OUTPUT:
      standardized;



INPUT READING TERMINATED NORMALLY



Chapter 15 Group Example with TYPE=Complex

SUMMARY OF ANALYSIS

Number of groups                                                 1
Number of observations                                         112

Number of dependent variables                                    2
Number of independent variables                                  1
Number of continuous latent variables                            0

Observed dependent variables

  Continuous
   M           Y

Observed independent variables
   X

Variables with special functions

  Cluster variable      J

Estimator                                                      MLR
Information matrix                                        OBSERVED
Maximum number of iterations                                  1000
Convergence criterion                                    0.500D-04
Maximum number of steepest descent iterations                   20

Input data file(s)
  Chap15_grpexam.txt

Input data format  FREE


SUMMARY OF DATA

     Number of clusters                         16




UNIVARIATE SAMPLE STATISTICS


     UNIVARIATE HIGHER-ORDER MOMENT DESCRIPTIVE STATISTICS

         Variable/         Mean/     Skewness/   Minimum/ % with                Percentiles
        Sample Size      Variance    Kurtosis    Maximum  Min/Max      20%/60%    40%/80%    Median

     M                    35.304       0.106       4.000    0.89%      24.000     32.000     35.000
             112.000     135.658      -0.323      66.000    0.89%      38.000     44.000
     Y                    41.857       0.240       2.000    0.89%      29.000     40.000     43.000
             112.000     209.051       0.506      82.000    0.89%      44.000     51.000
     X                     0.500       0.000       0.000   50.00%       0.000      0.000      0.500
             112.000       0.250      -2.000       1.000   50.00%       1.000      1.000


THE MODEL ESTIMATION TERMINATED NORMALLY



MODEL FIT INFORMATION

Number of Free Parameters                        7

Loglikelihood

          H0 Value                        -832.260
          H0 Scaling Correction Factor      2.1967
            for MLR
          H1 Value                        -832.260
          H1 Scaling Correction Factor      2.1967
            for MLR

Information Criteria

          Akaike (AIC)                    1678.520
          Bayesian (BIC)                  1697.549
          Sample-Size Adjusted BIC        1675.427
            (n* = (n + 2) / 24)

Chi-Square Test of Model Fit

          Value                              0.000*
          Degrees of Freedom                     0
          P-Value                           0.0000
          Scaling Correction Factor         1.0000
            for MLR

*   The chi-square value for MLM, MLMV, MLR, ULSMV, WLSM and WLSMV cannot be used
    for chi-square difference testing in the regular way.  MLM, MLR and WLSM
    chi-square difference testing is described on the Mplus website.  MLMV, WLSMV,
    and ULSMV difference testing is done using the DIFFTEST option.

RMSEA (Root Mean Square Error Of Approximation)

          Estimate                           0.000
          90 Percent C.I.                    0.000  0.000
          Probability RMSEA <= .05           0.000

CFI/TLI

          CFI                                1.000
          TLI                                1.000

Chi-Square Test of Model Fit for the Baseline Model

          Value                             70.506
          Degrees of Freedom                     3
          P-Value                           0.0000

SRMR (Standardized Root Mean Square Residual)

          Value                              0.000



MODEL RESULTS

                                                    Two-Tailed
                    Estimate       S.E.  Est./S.E.    P-Value

 Y        ON
    X                  5.440      3.283      1.657      0.098
    M                  0.773      0.124      6.219      0.000

 M        ON
    X                 11.678      2.699      4.326      0.000

 Intercepts
    M                 29.464      2.013     14.638      0.000
    Y                 11.856      4.739      2.501      0.012

 Residual Variances
    M                101.563     15.210      6.677      0.000
    Y                 96.096     16.615      5.784      0.000


QUALITY OF NUMERICAL RESULTS

     Condition Number for the Information Matrix              0.951E-03
       (ratio of smallest to largest eigenvalue)


STANDARDIZED MODEL RESULTS


STDYX Standardization

                                                    Two-Tailed
                    Estimate       S.E.  Est./S.E.    P-Value

 Y        ON
    X                  0.188      0.105      1.785      0.074
    M                  0.623      0.082      7.581      0.000

 M        ON
    X                  0.501      0.101      4.969      0.000

 Intercepts
    M                  2.530      0.249     10.179      0.000
    Y                  0.820      0.390      2.100      0.036

 Residual Variances
    M                  0.749      0.101      7.400      0.000
    Y                  0.460      0.078      5.870      0.000


STDY Standardization

                                                    Two-Tailed
                    Estimate       S.E.  Est./S.E.    P-Value

 Y        ON
    X                  0.376      0.211      1.785      0.074
    M                  0.623      0.082      7.581      0.000

 M        ON
    X                  1.003      0.202      4.969      0.000

 Intercepts
    M                  2.530      0.249     10.179      0.000
    Y                  0.820      0.390      2.100      0.036

 Residual Variances
    M                  0.749      0.101      7.400      0.000
    Y                  0.460      0.078      5.870      0.000


STD Standardization

                                                    Two-Tailed
                    Estimate       S.E.  Est./S.E.    P-Value

 Y        ON
    X                  5.440      3.283      1.657      0.098
    M                  0.773      0.124      6.219      0.000

 M        ON
    X                 11.678      2.699      4.326      0.000

 Intercepts
    M                 29.464      2.013     14.638      0.000
    Y                 11.856      4.739      2.501      0.012

 Residual Variances
    M                101.563     15.210      6.677      0.000
    Y                 96.096     16.615      5.784      0.000


R-SQUARE

    Observed                                        Two-Tailed
    Variable        Estimate       S.E.  Est./S.E.    P-Value

    M                  0.251      0.101      2.484      0.013
    Y                  0.540      0.078      6.900      0.000


DIAGRAM INFORMATION

  Use View Diagram under the Diagram menu in the Mplus Editor to view the diagram.
  If running Mplus from the Mplus Diagrammer, the diagram opens automatically.

  Diagram output
    c:\users\xliu6\asu dropbox\xinran liu\pc (3)\downloads\mediation book 2025-20250527t092340z-1-001\mediation book 202

     Beginning Time:  04:20:41
        Ending Time:  04:20:41
       Elapsed Time:  00:00:00



MUTHEN & MUTHEN
3463 Stoner Ave.
Los Angeles, CA  90066

Tel: (310) 391-9971
Fax: (310) 391-8971
Web: www.StatModel.com
Support: Support@StatModel.com

Copyright (c) 1998-2024 Muthen & Muthen
